mode: set
github.com/khulnasoft-lab/hooker/v2/dbservice/actions.go:9.107,14.16 4 1
github.com/khulnasoft-lab/hooker/v2/dbservice/actions.go:14.16,16.3 1 1
github.com/khulnasoft-lab/hooker/v2/dbservice/actions.go:17.2,19.46 2 1
github.com/khulnasoft-lab/hooker/v2/dbservice/actions.go:19.46,21.3 1 1
github.com/khulnasoft-lab/hooker/v2/dbservice/actions.go:22.2,22.53 1 1
github.com/khulnasoft-lab/hooker/v2/dbservice/actions.go:22.53,24.3 1 1
github.com/khulnasoft-lab/hooker/v2/dbservice/actions.go:26.2,27.16 2 1
github.com/khulnasoft-lab/hooker/v2/dbservice/actions.go:27.16,29.3 1 1
github.com/khulnasoft-lab/hooker/v2/dbservice/actions.go:31.2,31.25 1 1
github.com/khulnasoft-lab/hooker/v2/dbservice/actions.go:31.25,33.3 1 1
github.com/khulnasoft-lab/hooker/v2/dbservice/actions.go:33.8,36.17 3 1
github.com/khulnasoft-lab/hooker/v2/dbservice/actions.go:36.17,38.4 1 1
github.com/khulnasoft-lab/hooker/v2/dbservice/actions.go:39.3,39.21 1 1
github.com/khulnasoft-lab/hooker/v2/dbservice/actions.go:39.21,41.18 2 1
github.com/khulnasoft-lab/hooker/v2/dbservice/actions.go:41.18,43.5 1 1
github.com/khulnasoft-lab/hooker/v2/dbservice/actions.go:45.3,45.19 1 1
github.com/khulnasoft-lab/hooker/v2/dbservice/checker.go:12.23,13.22 1 1
github.com/khulnasoft-lab/hooker/v2/dbservice/checker.go:13.22,15.3 1 1
github.com/khulnasoft-lab/hooker/v2/dbservice/checker.go:16.2,20.16 4 1
github.com/khulnasoft-lab/hooker/v2/dbservice/checker.go:20.16,23.3 2 0
github.com/khulnasoft-lab/hooker/v2/dbservice/checker.go:24.2,26.46 2 1
github.com/khulnasoft-lab/hooker/v2/dbservice/checker.go:26.46,28.15 2 1
github.com/khulnasoft-lab/hooker/v2/dbservice/checker.go:28.15,30.4 1 1
github.com/khulnasoft-lab/hooker/v2/dbservice/checker.go:31.3,33.52 3 1
github.com/khulnasoft-lab/hooker/v2/dbservice/checker.go:33.52,35.4 1 1
github.com/khulnasoft-lab/hooker/v2/dbservice/checker.go:36.3,36.25 1 1
github.com/khulnasoft-lab/hooker/v2/dbservice/checker.go:36.25,38.18 2 1
github.com/khulnasoft-lab/hooker/v2/dbservice/checker.go:38.18,40.5 1 0
github.com/khulnasoft-lab/hooker/v2/dbservice/checker.go:41.4,42.18 2 1
github.com/khulnasoft-lab/hooker/v2/dbservice/checker.go:42.18,44.5 1 0
github.com/khulnasoft-lab/hooker/v2/dbservice/checker.go:45.4,45.89 1 1
github.com/khulnasoft-lab/hooker/v2/dbservice/checker.go:47.3,47.13 1 1
github.com/khulnasoft-lab/hooker/v2/dbservice/checker.go:48.17,51.3 2 0
github.com/khulnasoft-lab/hooker/v2/dbservice/checker.go:54.25,59.16 4 1
github.com/khulnasoft-lab/hooker/v2/dbservice/checker.go:59.16,62.3 2 0
github.com/khulnasoft-lab/hooker/v2/dbservice/checker.go:63.2,66.16 3 1
github.com/khulnasoft-lab/hooker/v2/dbservice/checker.go:66.16,69.3 2 0
github.com/khulnasoft-lab/hooker/v2/dbservice/checker.go:71.2,71.60 1 1
github.com/khulnasoft-lab/hooker/v2/dbservice/checker.go:71.60,73.3 1 0
github.com/khulnasoft-lab/hooker/v2/dbservice/checker.go:76.57,80.43 3 1
github.com/khulnasoft-lab/hooker/v2/dbservice/checker.go:80.43,82.15 2 1
github.com/khulnasoft-lab/hooker/v2/dbservice/checker.go:82.15,84.4 1 1
github.com/khulnasoft-lab/hooker/v2/dbservice/checker.go:85.3,88.82 3 1
github.com/khulnasoft-lab/hooker/v2/dbservice/checker.go:88.82,91.4 2 1
github.com/khulnasoft-lab/hooker/v2/dbservice/checker.go:92.3,92.13 1 1
github.com/khulnasoft-lab/hooker/v2/dbservice/checker.go:93.17,95.3 1 0
github.com/khulnasoft-lab/hooker/v2/dbservice/checker.go:97.2,97.66 1 1
github.com/khulnasoft-lab/hooker/v2/dbservice/checker.go:97.66,99.3 1 0
github.com/khulnasoft-lab/hooker/v2/dbservice/checker.go:101.2,101.8 1 1
github.com/khulnasoft-lab/hooker/v2/dbservice/dbaggregator.go:12.55,17.16 4 1
github.com/khulnasoft-lab/hooker/v2/dbservice/dbaggregator.go:17.16,19.3 1 1
github.com/khulnasoft-lab/hooker/v2/dbservice/dbaggregator.go:20.2,23.16 3 1
github.com/khulnasoft-lab/hooker/v2/dbservice/dbaggregator.go:23.16,25.3 1 1
github.com/khulnasoft-lab/hooker/v2/dbservice/dbaggregator.go:27.2,28.26 2 1
github.com/khulnasoft-lab/hooker/v2/dbservice/dbaggregator.go:28.26,30.3 1 1
github.com/khulnasoft-lab/hooker/v2/dbservice/dbaggregator.go:31.2,32.16 2 1
github.com/khulnasoft-lab/hooker/v2/dbservice/dbaggregator.go:32.16,34.3 1 0
github.com/khulnasoft-lab/hooker/v2/dbservice/dbaggregator.go:36.2,36.27 1 1
github.com/khulnasoft-lab/hooker/v2/dbservice/dbaggregator.go:36.27,39.17 3 1
github.com/khulnasoft-lab/hooker/v2/dbservice/dbaggregator.go:39.17,41.4 1 0
github.com/khulnasoft-lab/hooker/v2/dbservice/dbaggregator.go:42.3,42.59 1 1
github.com/khulnasoft-lab/hooker/v2/dbservice/dbaggregator.go:45.2,45.64 1 1
github.com/khulnasoft-lab/hooker/v2/dbservice/dbaggregator.go:45.64,47.17 2 1
github.com/khulnasoft-lab/hooker/v2/dbservice/dbaggregator.go:47.17,49.4 1 0
github.com/khulnasoft-lab/hooker/v2/dbservice/dbaggregator.go:51.3,52.17 2 1
github.com/khulnasoft-lab/hooker/v2/dbservice/dbaggregator.go:52.17,54.4 1 0
github.com/khulnasoft-lab/hooker/v2/dbservice/dbaggregator.go:55.3,55.18 1 1
github.com/khulnasoft-lab/hooker/v2/dbservice/dbaggregator.go:57.2,58.16 2 1
github.com/khulnasoft-lab/hooker/v2/dbservice/dbaggregator.go:58.16,60.3 1 0
github.com/khulnasoft-lab/hooker/v2/dbservice/dbaggregator.go:61.2,61.29 1 1
github.com/khulnasoft-lab/hooker/v2/dbservice/dbparam.go:26.35,30.2 3 1
github.com/khulnasoft-lab/hooker/v2/dbservice/dbparam.go:32.28,34.19 2 1
github.com/khulnasoft-lab/hooker/v2/dbservice/dbparam.go:34.19,35.45 1 1
github.com/khulnasoft-lab/hooker/v2/dbservice/dbparam.go:35.45,36.26 1 1
github.com/khulnasoft-lab/hooker/v2/dbservice/dbparam.go:36.26,38.19 2 1
github.com/khulnasoft-lab/hooker/v2/dbservice/dbparam.go:38.19,41.6 2 1
github.com/khulnasoft-lab/hooker/v2/dbservice/dbparam.go:42.10,45.5 2 0
github.com/khulnasoft-lab/hooker/v2/dbservice/dbparam.go:47.3,47.24 1 1
github.com/khulnasoft-lab/hooker/v2/dbservice/delete.go:5.64,6.43 1 1
github.com/khulnasoft-lab/hooker/v2/dbservice/delete.go:6.43,8.15 2 1
github.com/khulnasoft-lab/hooker/v2/dbservice/delete.go:8.15,10.4 1 1
github.com/khulnasoft-lab/hooker/v2/dbservice/delete.go:11.3,11.28 1 1
github.com/khulnasoft-lab/hooker/v2/dbservice/delete.go:11.28,12.40 1 1
github.com/khulnasoft-lab/hooker/v2/dbservice/delete.go:12.40,14.5 1 0
github.com/khulnasoft-lab/hooker/v2/dbservice/delete.go:16.3,16.13 1 1
github.com/khulnasoft-lab/hooker/v2/dbservice/init.go:5.52,6.44 1 1
github.com/khulnasoft-lab/hooker/v2/dbservice/init.go:6.44,9.3 2 1
github.com/khulnasoft-lab/hooker/v2/dbservice/insert.go:5.74,6.43 1 1
github.com/khulnasoft-lab/hooker/v2/dbservice/insert.go:6.43,8.17 2 1
github.com/khulnasoft-lab/hooker/v2/dbservice/insert.go:8.17,10.4 1 0
github.com/khulnasoft-lab/hooker/v2/dbservice/insert.go:11.3,11.27 1 1
github.com/khulnasoft-lab/hooker/v2/dbservice/insert.go:13.2,13.12 1 1
github.com/khulnasoft-lab/hooker/v2/dbservice/plgnstats.go:9.44,14.16 4 1
github.com/khulnasoft-lab/hooker/v2/dbservice/plgnstats.go:14.16,16.3 1 1
github.com/khulnasoft-lab/hooker/v2/dbservice/plgnstats.go:17.2,19.16 3 1
github.com/khulnasoft-lab/hooker/v2/dbservice/plgnstats.go:19.16,21.3 1 1
github.com/khulnasoft-lab/hooker/v2/dbservice/plgnstats.go:23.2,23.42 1 1
github.com/khulnasoft-lab/hooker/v2/dbservice/plgnstats.go:23.42,28.15 4 1
github.com/khulnasoft-lab/hooker/v2/dbservice/plgnstats.go:28.15,30.4 1 1
github.com/khulnasoft-lab/hooker/v2/dbservice/plgnstats.go:30.9,32.4 1 1
github.com/khulnasoft-lab/hooker/v2/dbservice/plgnstats.go:34.3,38.13 4 1
github.com/khulnasoft-lab/hooker/v2/dbservice/plgnstats.go:41.2,41.12 1 1
github.com/khulnasoft-lab/hooker/v2/dbservice/select.go:7.81,8.40 1 1
github.com/khulnasoft-lab/hooker/v2/dbservice/select.go:8.40,11.15 3 1
github.com/khulnasoft-lab/hooker/v2/dbservice/select.go:11.15,14.4 2 1
github.com/khulnasoft-lab/hooker/v2/dbservice/select.go:15.3,15.13 1 1
github.com/khulnasoft-lab/hooker/v2/dbservice/select.go:17.2,17.8 1 1
github.com/khulnasoft-lab/hooker/v2/dbservice/sharedcfg.go:17.25,19.38 2 1
github.com/khulnasoft-lab/hooker/v2/dbservice/sharedcfg.go:19.38,21.3 1 0
github.com/khulnasoft-lab/hooker/v2/dbservice/sharedcfg.go:21.8,23.3 1 1
github.com/khulnasoft-lab/hooker/v2/dbservice/sharedcfg.go:24.2,24.15 1 1
github.com/khulnasoft-lab/hooker/v2/dbservice/sharedcfg.go:27.27,32.16 4 1
github.com/khulnasoft-lab/hooker/v2/dbservice/sharedcfg.go:32.16,34.3 1 1
github.com/khulnasoft-lab/hooker/v2/dbservice/sharedcfg.go:35.2,38.16 3 1
github.com/khulnasoft-lab/hooker/v2/dbservice/sharedcfg.go:38.16,40.3 1 1
github.com/khulnasoft-lab/hooker/v2/dbservice/sharedcfg.go:42.2,43.16 2 1
github.com/khulnasoft-lab/hooker/v2/dbservice/sharedcfg.go:43.16,45.3 1 0
github.com/khulnasoft-lab/hooker/v2/dbservice/sharedcfg.go:47.2,49.12 2 1
github.com/khulnasoft-lab/hooker/v2/dbservice/sharedcfg.go:51.34,54.16 3 1
github.com/khulnasoft-lab/hooker/v2/dbservice/sharedcfg.go:54.16,56.3 1 1
github.com/khulnasoft-lab/hooker/v2/dbservice/sharedcfg.go:57.2,58.40 2 1
github.com/khulnasoft-lab/hooker/v2/dbservice/sharedcfg.go:58.40,60.20 2 1
github.com/khulnasoft-lab/hooker/v2/dbservice/sharedcfg.go:60.20,62.4 1 1
github.com/khulnasoft-lab/hooker/v2/dbservice/sharedcfg.go:64.3,67.13 3 1
github.com/khulnasoft-lab/hooker/v2/dbservice/sharedcfg.go:69.2,69.16 1 1
github.com/khulnasoft-lab/hooker/v2/dbservice/sharedcfg.go:69.16,71.3 1 1
github.com/khulnasoft-lab/hooker/v2/dbservice/sharedcfg.go:73.2,73.20 1 1
github.com/khulnasoft-lab/hooker/v2/dbservice/sharedcfg.go:76.49,78.55 2 1
github.com/khulnasoft-lab/hooker/v2/dbservice/sharedcfg.go:78.55,80.3 1 0
github.com/khulnasoft-lab/hooker/v2/dbservice/sharedcfg.go:81.2,81.35 1 1
github.com/khulnasoft-lab/hooker/v2/formatting/eval.go:19.124,21.16 2 1
github.com/khulnasoft-lab/hooker/v2/formatting/eval.go:21.16,23.3 1 0
github.com/khulnasoft-lab/hooker/v2/formatting/eval.go:24.2,31.8 3 1
github.com/khulnasoft-lab/hooker/v2/formatting/eval.go:33.77,35.2 1 1
github.com/khulnasoft-lab/hooker/v2/formatting/eval.go:37.124,41.29 4 1
github.com/khulnasoft-lab/hooker/v2/formatting/eval.go:41.29,44.21 3 1
github.com/khulnasoft-lab/hooker/v2/formatting/eval.go:44.21,46.4 1 1
github.com/khulnasoft-lab/hooker/v2/formatting/eval.go:47.3,48.30 2 1
github.com/khulnasoft-lab/hooker/v2/formatting/eval.go:48.30,50.4 1 1
github.com/khulnasoft-lab/hooker/v2/formatting/eval.go:52.2,60.21 3 1
github.com/khulnasoft-lab/hooker/v2/formatting/eval.go:60.21,62.3 1 1
github.com/khulnasoft-lab/hooker/v2/formatting/eval.go:63.2,63.15 1 1
github.com/khulnasoft-lab/hooker/v2/formatting/eval.go:66.74,68.16 2 1
github.com/khulnasoft-lab/hooker/v2/formatting/eval.go:68.16,70.3 1 1
github.com/khulnasoft-lab/hooker/v2/formatting/eval.go:72.2,75.16 3 1
github.com/khulnasoft-lab/hooker/v2/formatting/eval.go:75.16,77.3 1 0
github.com/khulnasoft-lab/hooker/v2/formatting/eval.go:78.2,78.22 1 1
github.com/khulnasoft-lab/hooker/v2/formatting/eval.go:81.72,82.20 1 1
github.com/khulnasoft-lab/hooker/v2/formatting/eval.go:83.15,86.9 1 1
github.com/khulnasoft-lab/hooker/v2/formatting/eval.go:87.14,90.9 1 1
github.com/khulnasoft-lab/hooker/v2/formatting/eval.go:91.14,94.9 1 1
github.com/khulnasoft-lab/hooker/v2/formatting/eval.go:95.10,96.48 1 1
github.com/khulnasoft-lab/hooker/v2/formatting/htmlprovider.go:11.46,13.2 1 1
github.com/khulnasoft-lab/hooker/v2/formatting/htmlprovider.go:15.56,17.2 1 1
github.com/khulnasoft-lab/hooker/v2/formatting/htmlprovider.go:19.56,21.2 1 1
github.com/khulnasoft-lab/hooker/v2/formatting/htmlprovider.go:23.56,25.2 1 1
github.com/khulnasoft-lab/hooker/v2/formatting/htmlprovider.go:27.65,29.2 1 1
github.com/khulnasoft-lab/hooker/v2/formatting/htmlprovider.go:31.57,34.25 3 1
github.com/khulnasoft-lab/hooker/v2/formatting/htmlprovider.go:34.25,36.13 2 1
github.com/khulnasoft-lab/hooker/v2/formatting/htmlprovider.go:36.13,38.4 1 1
github.com/khulnasoft-lab/hooker/v2/formatting/htmlprovider.go:38.9,40.4 1 1
github.com/khulnasoft-lab/hooker/v2/formatting/htmlprovider.go:41.3,43.27 3 1
github.com/khulnasoft-lab/hooker/v2/formatting/htmlprovider.go:43.27,45.4 1 1
github.com/khulnasoft-lab/hooker/v2/formatting/htmlprovider.go:46.3,47.33 2 1
github.com/khulnasoft-lab/hooker/v2/formatting/htmlprovider.go:50.2,51.34 2 1
github.com/khulnasoft-lab/hooker/v2/formatting/htmlprovider.go:54.55,56.2 1 1
github.com/khulnasoft-lab/hooker/v2/formatting/jiraprovider.go:11.52,13.2 1 1
github.com/khulnasoft-lab/hooker/v2/formatting/jiraprovider.go:15.62,17.2 1 1
github.com/khulnasoft-lab/hooker/v2/formatting/jiraprovider.go:19.62,21.2 1 1
github.com/khulnasoft-lab/hooker/v2/formatting/jiraprovider.go:23.62,25.2 1 1
github.com/khulnasoft-lab/hooker/v2/formatting/jiraprovider.go:27.71,29.2 1 1
github.com/khulnasoft-lab/hooker/v2/formatting/jiraprovider.go:31.63,32.20 1 1
github.com/khulnasoft-lab/hooker/v2/formatting/jiraprovider.go:32.20,34.3 1 1
github.com/khulnasoft-lab/hooker/v2/formatting/jiraprovider.go:35.2,36.27 2 1
github.com/khulnasoft-lab/hooker/v2/formatting/jiraprovider.go:36.27,37.13 1 1
github.com/khulnasoft-lab/hooker/v2/formatting/jiraprovider.go:37.13,39.4 1 1
github.com/khulnasoft-lab/hooker/v2/formatting/jiraprovider.go:39.9,41.4 1 1
github.com/khulnasoft-lab/hooker/v2/formatting/jiraprovider.go:43.2,44.25 2 1
github.com/khulnasoft-lab/hooker/v2/formatting/jiraprovider.go:47.61,49.2 1 1
github.com/khulnasoft-lab/hooker/v2/formatting/slackmrkdwnprovider.go:12.40,21.16 3 1
github.com/khulnasoft-lab/hooker/v2/formatting/slackmrkdwnprovider.go:21.16,24.3 2 0
github.com/khulnasoft-lab/hooker/v2/formatting/slackmrkdwnprovider.go:25.2,26.23 2 1
github.com/khulnasoft-lab/hooker/v2/formatting/slackmrkdwnprovider.go:31.65,33.2 1 1
github.com/khulnasoft-lab/hooker/v2/formatting/slackmrkdwnprovider.go:35.65,37.2 1 1
github.com/khulnasoft-lab/hooker/v2/formatting/slackmrkdwnprovider.go:39.65,41.2 1 1
github.com/khulnasoft-lab/hooker/v2/formatting/slackmrkdwnprovider.go:43.74,45.2 1 1
github.com/khulnasoft-lab/hooker/v2/formatting/slackmrkdwnprovider.go:47.66,48.20 1 1
github.com/khulnasoft-lab/hooker/v2/formatting/slackmrkdwnprovider.go:48.20,50.3 1 0
github.com/khulnasoft-lab/hooker/v2/formatting/slackmrkdwnprovider.go:51.2,56.41 3 1
github.com/khulnasoft-lab/hooker/v2/formatting/slackmrkdwnprovider.go:56.41,58.26 2 1
github.com/khulnasoft-lab/hooker/v2/formatting/slackmrkdwnprovider.go:58.26,59.24 1 1
github.com/khulnasoft-lab/hooker/v2/formatting/slackmrkdwnprovider.go:59.24,60.15 1 1
github.com/khulnasoft-lab/hooker/v2/formatting/slackmrkdwnprovider.go:60.15,65.6 1 1
github.com/khulnasoft-lab/hooker/v2/formatting/slackmrkdwnprovider.go:65.11,70.6 1 1
github.com/khulnasoft-lab/hooker/v2/formatting/slackmrkdwnprovider.go:73.8,75.29 2 1
github.com/khulnasoft-lab/hooker/v2/formatting/slackmrkdwnprovider.go:75.29,76.19 1 1
github.com/khulnasoft-lab/hooker/v2/formatting/slackmrkdwnprovider.go:76.19,77.29 1 1
github.com/khulnasoft-lab/hooker/v2/formatting/slackmrkdwnprovider.go:77.29,79.20 2 0
github.com/khulnasoft-lab/hooker/v2/formatting/slackmrkdwnprovider.go:79.20,82.7 2 0
github.com/khulnasoft-lab/hooker/v2/formatting/slackmrkdwnprovider.go:83.6,84.28 2 0
github.com/khulnasoft-lab/hooker/v2/formatting/slackmrkdwnprovider.go:86.5,89.31 4 1
github.com/khulnasoft-lab/hooker/v2/formatting/slackmrkdwnprovider.go:89.31,91.6 1 1
github.com/khulnasoft-lab/hooker/v2/formatting/slackmrkdwnprovider.go:92.5,92.59 1 1
github.com/khulnasoft-lab/hooker/v2/formatting/slackmrkdwnprovider.go:94.4,95.24 2 1
github.com/khulnasoft-lab/hooker/v2/formatting/slackmrkdwnprovider.go:95.24,97.18 2 1
github.com/khulnasoft-lab/hooker/v2/formatting/slackmrkdwnprovider.go:97.18,99.6 1 1
github.com/khulnasoft-lab/hooker/v2/formatting/slackmrkdwnprovider.go:100.5,100.14 1 1
github.com/khulnasoft-lab/hooker/v2/formatting/slackmrkdwnprovider.go:101.12,102.50 1 1
github.com/khulnasoft-lab/hooker/v2/formatting/slackmrkdwnprovider.go:103.12,104.27 1 1
github.com/khulnasoft-lab/hooker/v2/formatting/slackmrkdwnprovider.go:104.27,106.7 1 0
github.com/khulnasoft-lab/hooker/v2/formatting/slackmrkdwnprovider.go:106.12,108.21 2 1
github.com/khulnasoft-lab/hooker/v2/formatting/slackmrkdwnprovider.go:108.21,110.8 1 1
github.com/khulnasoft-lab/hooker/v2/formatting/slackmrkdwnprovider.go:112.13,113.15 1 1
github.com/khulnasoft-lab/hooker/v2/formatting/slackmrkdwnprovider.go:113.15,115.7 1 0
github.com/khulnasoft-lab/hooker/v2/formatting/slackmrkdwnprovider.go:116.6,116.50 1 1
github.com/khulnasoft-lab/hooker/v2/formatting/slackmrkdwnprovider.go:119.4,126.5 2 1
github.com/khulnasoft-lab/hooker/v2/formatting/slackmrkdwnprovider.go:129.2,130.16 2 1
github.com/khulnasoft-lab/hooker/v2/formatting/slackmrkdwnprovider.go:130.16,133.3 2 0
github.com/khulnasoft-lab/hooker/v2/formatting/slackmrkdwnprovider.go:134.2,136.25 3 1
github.com/khulnasoft-lab/hooker/v2/formatting/slackmrkdwnprovider.go:139.55,141.2 1 1
github.com/khulnasoft-lab/hooker/v2/formatting/slackmrkdwnprovider.go:143.64,145.2 1 1
github.com/khulnasoft-lab/hooker/v2/data/utils.go:7.39,10.2 2 1
github.com/khulnasoft-lab/hooker/v2/routes/aggrtimeout.go:9.43,22.13 5 1
github.com/khulnasoft-lab/hooker/v2/routes/aggrtimeout.go:22.13,24.3 1 1
github.com/khulnasoft-lab/hooker/v2/routes/aggrtimeout.go:26.2,27.31 2 1
github.com/khulnasoft-lab/hooker/v2/routes/aggrtimeout.go:27.31,28.52 1 1
github.com/khulnasoft-lab/hooker/v2/routes/aggrtimeout.go:28.52,32.9 4 1
github.com/khulnasoft-lab/hooker/v2/routes/aggrtimeout.go:35.2,35.17 1 1
github.com/khulnasoft-lab/hooker/v2/routes/aggrtimeout.go:35.17,37.3 1 1
github.com/khulnasoft-lab/hooker/v2/routes/aggrtimeout.go:38.2,38.21 1 1
github.com/khulnasoft-lab/hooker/v2/routes/aggrtimeout.go:41.55,43.16 2 1
github.com/khulnasoft-lab/hooker/v2/routes/aggrtimeout.go:43.16,46.3 1 1
github.com/khulnasoft-lab/hooker/v2/routes/aggrtimeout.go:48.2,51.16 3 1
github.com/khulnasoft-lab/hooker/v2/routes/aggrtimeout.go:51.16,54.3 1 1
github.com/khulnasoft-lab/hooker/v2/routes/aggrtimeout.go:56.2,58.14 2 1
github.com/khulnasoft-lab/hooker/v2/routes/routes.go:23.48,25.2 1 1
github.com/khulnasoft-lab/hooker/v2/routes/routes.go:26.43,28.2 1 1
github.com/khulnasoft-lab/hooker/v2/routes/routes.go:30.42,31.29 1 1
github.com/khulnasoft-lab/hooker/v2/routes/routes.go:31.29,33.3 1 1
github.com/khulnasoft-lab/hooker/v2/msgservice/logs.go:5.49,7.24 2 1
github.com/khulnasoft-lab/hooker/v2/msgservice/logs.go:7.24,9.9 2 1
github.com/khulnasoft-lab/hooker/v2/msgservice/logs.go:9.9,10.31 1 1
github.com/khulnasoft-lab/hooker/v2/msgservice/logs.go:10.31,12.5 1 1
github.com/khulnasoft-lab/hooker/v2/msgservice/logs.go:15.2,15.23 1 1
github.com/khulnasoft-lab/hooker/v2/msgservice/msghandling.go:19.150,20.19 1 1
github.com/khulnasoft-lab/hooker/v2/msgservice/msghandling.go:20.19,22.3 1 1
github.com/khulnasoft-lab/hooker/v2/msgservice/msghandling.go:24.2,25.51 2 1
github.com/khulnasoft-lab/hooker/v2/msgservice/msghandling.go:25.51,28.3 2 1
github.com/khulnasoft-lab/hooker/v2/msgservice/msghandling.go:31.2,33.8 3 1
github.com/khulnasoft-lab/hooker/v2/msgservice/msghandling.go:33.8,36.67 2 1
github.com/khulnasoft-lab/hooker/v2/msgservice/msghandling.go:36.67,38.4 1 1
github.com/khulnasoft-lab/hooker/v2/msgservice/msghandling.go:40.3,40.38 1 1
github.com/khulnasoft-lab/hooker/v2/msgservice/msghandling.go:40.38,42.4 1 1
github.com/khulnasoft-lab/hooker/v2/msgservice/msghandling.go:45.2,45.90 1 1
github.com/khulnasoft-lab/hooker/v2/msgservice/msghandling.go:45.90,50.17 4 1
github.com/khulnasoft-lab/hooker/v2/msgservice/msghandling.go:50.17,53.4 2 0
github.com/khulnasoft-lab/hooker/v2/msgservice/msghandling.go:54.3,54.17 1 1
github.com/khulnasoft-lab/hooker/v2/msgservice/msghandling.go:54.17,57.4 2 1
github.com/khulnasoft-lab/hooker/v2/msgservice/msghandling.go:61.2,68.16 4 1
github.com/khulnasoft-lab/hooker/v2/msgservice/msghandling.go:68.16,71.3 2 1
github.com/khulnasoft-lab/hooker/v2/msgservice/msghandling.go:73.2,73.18 1 1
github.com/khulnasoft-lab/hooker/v2/msgservice/msghandling.go:73.18,75.3 1 1
github.com/khulnasoft-lab/hooker/v2/msgservice/msghandling.go:77.2,77.83 1 1
github.com/khulnasoft-lab/hooker/v2/msgservice/msghandling.go:77.83,79.26 2 1
github.com/khulnasoft-lab/hooker/v2/msgservice/msghandling.go:79.26,81.18 2 1
github.com/khulnasoft-lab/hooker/v2/msgservice/msghandling.go:81.18,84.5 2 1
github.com/khulnasoft-lab/hooker/v2/msgservice/msghandling.go:85.4,85.30 1 1
github.com/khulnasoft-lab/hooker/v2/msgservice/msghandling.go:85.30,87.5 1 0
github.com/khulnasoft-lab/hooker/v2/msgservice/msghandling.go:87.10,89.5 1 1
github.com/khulnasoft-lab/hooker/v2/msgservice/msghandling.go:91.8,91.91 1 1
github.com/khulnasoft-lab/hooker/v2/msgservice/msghandling.go:91.91,94.30 2 1
github.com/khulnasoft-lab/hooker/v2/msgservice/msghandling.go:94.30,97.4 2 1
github.com/khulnasoft-lab/hooker/v2/msgservice/msghandling.go:97.9,99.4 1 1
github.com/khulnasoft-lab/hooker/v2/msgservice/msghandling.go:100.8,101.29 1 1
github.com/khulnasoft-lab/hooker/v2/msgservice/msghandling.go:101.29,103.4 1 0
github.com/khulnasoft-lab/hooker/v2/msgservice/msghandling.go:103.9,105.4 1 1
github.com/khulnasoft-lab/hooker/v2/msgservice/msghandling.go:110.83,112.51 2 1
github.com/khulnasoft-lab/hooker/v2/msgservice/msghandling.go:112.51,115.3 2 1
github.com/khulnasoft-lab/hooker/v2/msgservice/msghandling.go:118.2,118.89 1 1
github.com/khulnasoft-lab/hooker/v2/msgservice/msghandling.go:118.89,119.49 1 1
github.com/khulnasoft-lab/hooker/v2/msgservice/msghandling.go:119.49,121.4 1 1
github.com/khulnasoft-lab/hooker/v2/msgservice/msghandling.go:121.9,123.4 1 1
github.com/khulnasoft-lab/hooker/v2/msgservice/msghandling.go:124.3,124.15 1 1
github.com/khulnasoft-lab/hooker/v2/msgservice/msghandling.go:125.8,125.16 1 1
github.com/khulnasoft-lab/hooker/v2/msgservice/msghandling.go:125.16,126.49 1 1
github.com/khulnasoft-lab/hooker/v2/msgservice/msghandling.go:126.49,128.4 1 1
github.com/khulnasoft-lab/hooker/v2/msgservice/msghandling.go:128.9,130.4 1 1
github.com/khulnasoft-lab/hooker/v2/msgservice/msghandling.go:131.3,131.15 1 1
github.com/khulnasoft-lab/hooker/v2/msgservice/msghandling.go:134.2,134.13 1 1
github.com/khulnasoft-lab/hooker/v2/msgservice/msghandling.go:137.55,139.16 2 1
github.com/khulnasoft-lab/hooker/v2/msgservice/msghandling.go:139.16,141.3 1 0
github.com/khulnasoft-lab/hooker/v2/msgservice/msghandling.go:143.2,144.16 2 1
github.com/khulnasoft-lab/hooker/v2/msgservice/msghandling.go:144.16,147.3 2 0
github.com/khulnasoft-lab/hooker/v2/msgservice/msghandling.go:150.67,151.38 1 1
github.com/khulnasoft-lab/hooker/v2/msgservice/msghandling.go:151.38,153.3 1 1
github.com/khulnasoft-lab/hooker/v2/msgservice/msghandling.go:154.2,156.17 3 1
github.com/khulnasoft-lab/hooker/v2/msgservice/msghandling.go:159.141,161.16 2 1
github.com/khulnasoft-lab/hooker/v2/msgservice/msghandling.go:161.16,164.3 2 0
github.com/khulnasoft-lab/hooker/v2/msgservice/msghandling.go:165.2,165.59 1 1
github.com/khulnasoft-lab/hooker/v2/msgservice/msghandling.go:165.59,168.3 2 1
github.com/khulnasoft-lab/hooker/v2/msgservice/msghandling.go:169.2,169.24 1 1
github.com/khulnasoft-lab/hooker/v2/msgservice/scheduler.go:12.48,14.2 1 1
github.com/khulnasoft-lab/hooker/v2/msgservice/scheduler.go:22.3,28.58 4 1
github.com/khulnasoft-lab/hooker/v2/msgservice/scheduler.go:28.58,29.7 1 1
github.com/khulnasoft-lab/hooker/v2/msgservice/scheduler.go:29.7,30.11 1 1
github.com/khulnasoft-lab/hooker/v2/msgservice/scheduler.go:31.16,34.11 3 1
github.com/khulnasoft-lab/hooker/v2/msgservice/scheduler.go:35.27,38.23 3 1
github.com/khulnasoft-lab/hooker/v2/msgservice/scheduler.go:38.23,40.20 2 1
github.com/khulnasoft-lab/hooker/v2/msgservice/scheduler.go:40.20,42.7 1 0
github.com/khulnasoft-lab/hooker/v2/msgservice/scheduler.go:43.6,43.32 1 1
github.com/khulnasoft-lab/hooker/v2/msgservice/uniquemsgkey.go:12.75,14.29 2 1
github.com/khulnasoft-lab/hooker/v2/msgservice/uniquemsgkey.go:14.29,17.14 3 1
github.com/khulnasoft-lab/hooker/v2/msgservice/uniquemsgkey.go:17.14,19.4 1 1
github.com/khulnasoft-lab/hooker/v2/msgservice/uniquemsgkey.go:21.2,21.34 1 1
github.com/khulnasoft-lab/hooker/v2/msgservice/uniquemsgkey.go:24.59,27.9 2 1
github.com/khulnasoft-lab/hooker/v2/msgservice/uniquemsgkey.go:27.9,29.3 1 0
github.com/khulnasoft-lab/hooker/v2/msgservice/uniquemsgkey.go:31.2,31.21 1 1
github.com/khulnasoft-lab/hooker/v2/msgservice/uniquemsgkey.go:31.21,33.9 2 1
github.com/khulnasoft-lab/hooker/v2/msgservice/uniquemsgkey.go:33.9,35.4 1 1
github.com/khulnasoft-lab/hooker/v2/msgservice/uniquemsgkey.go:36.8,39.9 3 1
github.com/khulnasoft-lab/hooker/v2/msgservice/uniquemsgkey.go:39.9,40.25 1 1
github.com/khulnasoft-lab/hooker/v2/msgservice/uniquemsgkey.go:41.32,42.40 1 1
github.com/khulnasoft-lab/hooker/v2/msgservice/uniquemsgkey.go:43.23,44.19 1 1
github.com/khulnasoft-lab/hooker/v2/msgservice/uniquemsgkey.go:44.19,46.6 1 1
github.com/khulnasoft-lab/hooker/v2/msgservice/uniquemsgkey.go:51.2,51.11 1 1
github.com/khulnasoft-lab/hooker/v2/router/anonymizer.go:5.66,14.40 3 1
github.com/khulnasoft-lab/hooker/v2/router/anonymizer.go:14.40,20.17 4 1
github.com/khulnasoft-lab/hooker/v2/router/anonymizer.go:20.17,22.4 1 1
github.com/khulnasoft-lab/hooker/v2/router/anonymizer.go:25.2,25.25 1 1
github.com/khulnasoft-lab/hooker/v2/router/builders.go:13.78,15.2 1 1
github.com/khulnasoft-lab/hooker/v2/router/builders.go:17.78,25.2 1 1
github.com/khulnasoft-lab/hooker/v2/router/builders.go:27.80,33.2 1 1
github.com/khulnasoft-lab/hooker/v2/router/builders.go:35.101,41.2 1 1
github.com/khulnasoft-lab/hooker/v2/router/builders.go:43.80,51.32 2 1
github.com/khulnasoft-lab/hooker/v2/router/builders.go:51.32,53.3 1 1
github.com/khulnasoft-lab/hooker/v2/router/builders.go:54.2,54.19 1 1
github.com/khulnasoft-lab/hooker/v2/router/builders.go:57.95,63.2 1 1
github.com/khulnasoft-lab/hooker/v2/router/builders.go:65.76,77.2 1 1
github.com/khulnasoft-lab/hooker/v2/router/builders.go:78.80,86.2 1 1
github.com/khulnasoft-lab/hooker/v2/router/builders.go:88.96,94.2 1 1
github.com/khulnasoft-lab/hooker/v2/router/builders.go:96.82,108.2 1 0
github.com/khulnasoft-lab/hooker/v2/router/builders.go:110.71,131.32 2 1
github.com/khulnasoft-lab/hooker/v2/router/builders.go:131.32,133.3 1 1
github.com/khulnasoft-lab/hooker/v2/router/builders.go:134.2,134.16 1 1
github.com/khulnasoft-lab/hooker/v2/router/builders.go:137.83,138.79 1 1
github.com/khulnasoft-lab/hooker/v2/router/builders.go:138.79,140.3 1 1
github.com/khulnasoft-lab/hooker/v2/router/builders.go:142.2,142.77 1 1
github.com/khulnasoft-lab/hooker/v2/router/builders.go:142.77,144.3 1 1
github.com/khulnasoft-lab/hooker/v2/router/builders.go:146.2,151.39 2 1
github.com/khulnasoft-lab/hooker/v2/router/builders.go:151.39,153.3 1 1
github.com/khulnasoft-lab/hooker/v2/router/builders.go:155.2,155.40 1 1
github.com/khulnasoft-lab/hooker/v2/router/builders.go:155.40,157.3 1 1
github.com/khulnasoft-lab/hooker/v2/router/builders.go:159.2,159.16 1 1
github.com/khulnasoft-lab/hooker/v2/router/builders.go:162.83,163.37 1 1
github.com/khulnasoft-lab/hooker/v2/router/builders.go:163.37,165.3 1 1
github.com/khulnasoft-lab/hooker/v2/router/builders.go:167.2,167.77 1 1
github.com/khulnasoft-lab/hooker/v2/router/builders.go:167.77,169.3 1 1
github.com/khulnasoft-lab/hooker/v2/router/builders.go:171.2,172.37 2 1
github.com/khulnasoft-lab/hooker/v2/router/builders.go:172.37,175.17 3 1
github.com/khulnasoft-lab/hooker/v2/router/builders.go:175.17,177.4 1 1
github.com/khulnasoft-lab/hooker/v2/router/builders.go:178.8,180.3 1 1
github.com/khulnasoft-lab/hooker/v2/router/builders.go:182.2,183.16 2 1
github.com/khulnasoft-lab/hooker/v2/router/builders.go:183.16,185.3 1 1
github.com/khulnasoft-lab/hooker/v2/router/builders.go:187.2,195.38 2 1
github.com/khulnasoft-lab/hooker/v2/router/builders.go:195.38,197.3 1 1
github.com/khulnasoft-lab/hooker/v2/router/builders.go:198.2,198.41 1 1
github.com/khulnasoft-lab/hooker/v2/router/builders.go:198.41,200.3 1 1
github.com/khulnasoft-lab/hooker/v2/router/builders.go:202.2,202.16 1 1
github.com/khulnasoft-lab/hooker/v2/router/builders.go:205.95,206.22 1 1
github.com/khulnasoft-lab/hooker/v2/router/builders.go:206.22,207.42 1 1
github.com/khulnasoft-lab/hooker/v2/router/builders.go:207.42,209.4 1 1
github.com/khulnasoft-lab/hooker/v2/router/builders.go:212.2,212.40 1 1
github.com/khulnasoft-lab/hooker/v2/router/builders.go:212.40,214.3 1 1
github.com/khulnasoft-lab/hooker/v2/router/builders.go:216.2,222.8 1 1
github.com/khulnasoft-lab/hooker/v2/router/builders.go:225.87,226.45 1 0
github.com/khulnasoft-lab/hooker/v2/router/builders.go:226.45,228.3 1 0
github.com/khulnasoft-lab/hooker/v2/router/builders.go:230.2,237.8 1 0
github.com/khulnasoft-lab/hooker/v2/router/builders.go:240.103,242.2 1 0
github.com/khulnasoft-lab/hooker/v2/router/builders.go:244.93,250.2 1 0
github.com/khulnasoft-lab/hooker/v2/router/parsecfg.go:27.58,29.16 2 1
github.com/khulnasoft-lab/hooker/v2/router/parsecfg.go:29.16,32.3 2 1
github.com/khulnasoft-lab/hooker/v2/router/parsecfg.go:34.2,39.16 4 1
github.com/khulnasoft-lab/hooker/v2/router/parsecfg.go:39.16,42.3 2 1
github.com/khulnasoft-lab/hooker/v2/router/parsecfg.go:44.2,44.20 1 1
github.com/khulnasoft-lab/hooker/v2/router/parsecfg.go:47.46,48.46 1 1
github.com/khulnasoft-lab/hooker/v2/router/parsecfg.go:48.46,50.3 1 0
github.com/khulnasoft-lab/hooker/v2/router/router.go:66.25,67.20 1 1
github.com/khulnasoft-lab/hooker/v2/router/router.go:67.20,78.3 1 1
github.com/khulnasoft-lab/hooker/v2/router/router.go:79.2,79.18 1 1
github.com/khulnasoft-lab/hooker/v2/router/router.go:81.35,85.16 3 0
github.com/khulnasoft-lab/hooker/v2/router/router.go:85.16,87.3 1 0
github.com/khulnasoft-lab/hooker/v2/router/router.go:90.48,100.16 8 1
github.com/khulnasoft-lab/hooker/v2/router/router.go:100.16,102.3 1 0
github.com/khulnasoft-lab/hooker/v2/router/router.go:103.2,104.12 2 1
github.com/khulnasoft-lab/hooker/v2/router/router.go:107.32,110.25 2 1
github.com/khulnasoft-lab/hooker/v2/router/router.go:110.25,114.3 3 0
github.com/khulnasoft-lab/hooker/v2/router/router.go:116.2,116.33 1 1
github.com/khulnasoft-lab/hooker/v2/router/router.go:116.33,118.17 2 1
github.com/khulnasoft-lab/hooker/v2/router/router.go:118.17,120.4 1 0
github.com/khulnasoft-lab/hooker/v2/router/router.go:122.2,124.40 2 1
github.com/khulnasoft-lab/hooker/v2/router/router.go:124.40,126.3 1 1
github.com/khulnasoft-lab/hooker/v2/router/router.go:127.2,131.23 4 1
github.com/khulnasoft-lab/hooker/v2/router/router.go:131.23,134.3 2 1
github.com/khulnasoft-lab/hooker/v2/router/router.go:138.38,142.2 3 1
github.com/khulnasoft-lab/hooker/v2/router/router.go:144.45,146.36 2 0
github.com/khulnasoft-lab/hooker/v2/router/router.go:146.36,148.3 1 0
github.com/khulnasoft-lab/hooker/v2/router/router.go:149.2,149.15 1 0
github.com/khulnasoft-lab/hooker/v2/router/router.go:152.59,155.39 2 1
github.com/khulnasoft-lab/hooker/v2/router/router.go:155.39,157.17 2 1
github.com/khulnasoft-lab/hooker/v2/router/router.go:157.17,159.4 1 0
github.com/khulnasoft-lab/hooker/v2/router/router.go:160.3,161.83 2 1
github.com/khulnasoft-lab/hooker/v2/router/router.go:164.2,164.32 1 1
github.com/khulnasoft-lab/hooker/v2/router/router.go:164.32,166.17 2 1
github.com/khulnasoft-lab/hooker/v2/router/router.go:166.17,168.4 1 0
github.com/khulnasoft-lab/hooker/v2/router/router.go:169.3,170.72 2 1
github.com/khulnasoft-lab/hooker/v2/router/router.go:172.2,172.24 1 1
github.com/khulnasoft-lab/hooker/v2/router/router.go:172.24,176.17 3 1
github.com/khulnasoft-lab/hooker/v2/router/router.go:176.17,178.4 1 0
github.com/khulnasoft-lab/hooker/v2/router/router.go:179.3,181.17 3 1
github.com/khulnasoft-lab/hooker/v2/router/router.go:181.17,183.4 1 1
github.com/khulnasoft-lab/hooker/v2/router/router.go:185.3,185.28 1 1
github.com/khulnasoft-lab/hooker/v2/router/router.go:185.28,187.4 1 1
github.com/khulnasoft-lab/hooker/v2/router/router.go:189.3,190.17 2 1
github.com/khulnasoft-lab/hooker/v2/router/router.go:190.17,192.4 1 0
github.com/khulnasoft-lab/hooker/v2/router/router.go:193.3,196.17 3 1
github.com/khulnasoft-lab/hooker/v2/router/router.go:196.17,198.4 1 0
github.com/khulnasoft-lab/hooker/v2/router/router.go:200.3,200.42 1 1
github.com/khulnasoft-lab/hooker/v2/router/router.go:203.2,203.25 1 1
github.com/khulnasoft-lab/hooker/v2/router/router.go:203.25,205.17 2 1
github.com/khulnasoft-lab/hooker/v2/router/router.go:205.17,207.4 1 0
github.com/khulnasoft-lab/hooker/v2/router/router.go:208.3,208.42 1 1
github.com/khulnasoft-lab/hooker/v2/router/router.go:210.2,210.12 1 1
github.com/khulnasoft-lab/hooker/v2/router/router.go:213.33,219.16 5 1
github.com/khulnasoft-lab/hooker/v2/router/router.go:219.16,221.3 1 0
github.com/khulnasoft-lab/hooker/v2/router/router.go:223.2,223.38 1 1
github.com/khulnasoft-lab/hooker/v2/router/router.go:223.38,225.55 2 0
github.com/khulnasoft-lab/hooker/v2/router/router.go:225.55,227.4 1 0
github.com/khulnasoft-lab/hooker/v2/router/router.go:228.3,228.86 1 0
github.com/khulnasoft-lab/hooker/v2/router/router.go:231.2,232.32 2 1
github.com/khulnasoft-lab/hooker/v2/router/router.go:232.32,234.3 1 1
github.com/khulnasoft-lab/hooker/v2/router/router.go:235.2,236.12 2 1
github.com/khulnasoft-lab/hooker/v2/router/router.go:236.12,237.7 1 1
github.com/khulnasoft-lab/hooker/v2/router/router.go:237.7,238.11 1 1
github.com/khulnasoft-lab/hooker/v2/router/router.go:239.26,240.11 1 1
github.com/khulnasoft-lab/hooker/v2/router/router.go:241.24,243.33 2 1
github.com/khulnasoft-lab/hooker/v2/router/router.go:248.2,248.39 1 1
github.com/khulnasoft-lab/hooker/v2/router/router.go:248.39,250.3 1 1
github.com/khulnasoft-lab/hooker/v2/router/router.go:251.2,251.37 1 1
github.com/khulnasoft-lab/hooker/v2/router/router.go:251.37,253.17 2 1
github.com/khulnasoft-lab/hooker/v2/router/router.go:253.17,255.4 1 0
github.com/khulnasoft-lab/hooker/v2/router/router.go:258.2,258.42 1 1
github.com/khulnasoft-lab/hooker/v2/router/router.go:258.42,261.22 2 1
github.com/khulnasoft-lab/hooker/v2/router/router.go:261.22,263.18 2 1
github.com/khulnasoft-lab/hooker/v2/router/router.go:263.18,266.5 2 1
github.com/khulnasoft-lab/hooker/v2/router/router.go:269.2,269.12 1 1
github.com/khulnasoft-lab/hooker/v2/router/router.go:277.37,280.2 2 1
github.com/khulnasoft-lab/hooker/v2/router/router.go:281.41,283.2 1 0
github.com/khulnasoft-lab/hooker/v2/router/router.go:285.61,287.21 2 1
github.com/khulnasoft-lab/hooker/v2/router/router.go:287.21,290.3 2 1
github.com/khulnasoft-lab/hooker/v2/router/router.go:291.2,291.25 1 1
github.com/khulnasoft-lab/hooker/v2/router/router.go:291.25,294.3 2 1
github.com/khulnasoft-lab/hooker/v2/router/router.go:297.2,297.26 1 1
github.com/khulnasoft-lab/hooker/v2/router/router.go:297.26,300.68 3 0
github.com/khulnasoft-lab/hooker/v2/router/router.go:300.68,302.4 1 0
github.com/khulnasoft-lab/hooker/v2/router/router.go:305.2,305.47 1 1
github.com/khulnasoft-lab/hooker/v2/router/router.go:305.47,307.3 1 1
github.com/khulnasoft-lab/hooker/v2/router/router.go:309.2,309.31 1 1
github.com/khulnasoft-lab/hooker/v2/router/router.go:309.31,311.31 2 1
github.com/khulnasoft-lab/hooker/v2/router/router.go:311.31,313.18 2 0
github.com/khulnasoft-lab/hooker/v2/router/router.go:313.18,316.5 2 0
github.com/khulnasoft-lab/hooker/v2/router/router.go:317.4,317.42 1 0
github.com/khulnasoft-lab/hooker/v2/router/router.go:317.42,318.22 1 0
github.com/khulnasoft-lab/hooker/v2/router/router.go:318.22,319.25 1 0
github.com/khulnasoft-lab/hooker/v2/router/router.go:319.25,322.12 3 0
github.com/khulnasoft-lab/hooker/v2/router/router.go:327.3,327.14 1 1
github.com/khulnasoft-lab/hooker/v2/router/router.go:327.14,328.12 1 0
github.com/khulnasoft-lab/hooker/v2/router/router.go:331.3,332.10 2 1
github.com/khulnasoft-lab/hooker/v2/router/router.go:332.10,334.12 2 1
github.com/khulnasoft-lab/hooker/v2/router/router.go:336.3,337.10 2 1
github.com/khulnasoft-lab/hooker/v2/router/router.go:337.10,340.12 2 1
github.com/khulnasoft-lab/hooker/v2/router/router.go:342.3,344.25 2 1
github.com/khulnasoft-lab/hooker/v2/router/router.go:344.25,346.4 1 0
github.com/khulnasoft-lab/hooker/v2/router/router.go:346.9,348.4 1 1
github.com/khulnasoft-lab/hooker/v2/router/router.go:352.38,353.41 1 1
github.com/khulnasoft-lab/hooker/v2/router/router.go:353.41,355.3 1 1
github.com/khulnasoft-lab/hooker/v2/router/router.go:357.92,359.68 2 1
github.com/khulnasoft-lab/hooker/v2/router/router.go:359.68,362.3 2 0
github.com/khulnasoft-lab/hooker/v2/router/router.go:363.2,364.72 2 1
github.com/khulnasoft-lab/hooker/v2/router/router.go:364.72,367.3 2 0
github.com/khulnasoft-lab/hooker/v2/router/router.go:368.2,369.29 2 1
github.com/khulnasoft-lab/hooker/v2/router/router.go:369.29,370.30 1 1
github.com/khulnasoft-lab/hooker/v2/router/router.go:370.30,373.4 2 1
github.com/khulnasoft-lab/hooker/v2/router/router.go:374.3,374.62 1 1
github.com/khulnasoft-lab/hooker/v2/router/router.go:374.62,377.4 2 1
github.com/khulnasoft-lab/hooker/v2/router/router.go:380.2,385.40 4 1
github.com/khulnasoft-lab/hooker/v2/router/router.go:386.14,387.34 1 1
github.com/khulnasoft-lab/hooker/v2/router/router.go:388.15,389.35 1 1
github.com/khulnasoft-lab/hooker/v2/router/router.go:390.15,391.56 1 1
github.com/khulnasoft-lab/hooker/v2/router/router.go:392.15,393.56 1 1
github.com/khulnasoft-lab/hooker/v2/router/router.go:394.20,395.34 1 1
github.com/khulnasoft-lab/hooker/v2/router/router.go:396.17,397.37 1 1
github.com/khulnasoft-lab/hooker/v2/router/router.go:398.16,399.36 1 1
github.com/khulnasoft-lab/hooker/v2/router/router.go:400.16,401.36 1 1
github.com/khulnasoft-lab/hooker/v2/router/router.go:402.17,403.37 1 1
github.com/khulnasoft-lab/hooker/v2/router/router.go:404.25,405.45 1 1
github.com/khulnasoft-lab/hooker/v2/router/router.go:406.18,407.38 1 0
github.com/khulnasoft-lab/hooker/v2/router/router.go:408.14,410.17 2 1
github.com/khulnasoft-lab/hooker/v2/router/router.go:410.17,413.4 2 1
github.com/khulnasoft-lab/hooker/v2/router/router.go:414.14,416.17 2 1
github.com/khulnasoft-lab/hooker/v2/router/router.go:416.17,419.4 2 1
github.com/khulnasoft-lab/hooker/v2/router/router.go:420.20,422.17 2 1
github.com/khulnasoft-lab/hooker/v2/router/router.go:422.17,425.4 2 1
github.com/khulnasoft-lab/hooker/v2/router/router.go:426.16,428.17 2 0
github.com/khulnasoft-lab/hooker/v2/router/router.go:428.17,431.4 2 0
github.com/khulnasoft-lab/hooker/v2/router/router.go:432.24,434.17 2 0
github.com/khulnasoft-lab/hooker/v2/router/router.go:434.17,437.4 2 0
github.com/khulnasoft-lab/hooker/v2/router/router.go:438.19,440.17 2 0
github.com/khulnasoft-lab/hooker/v2/router/router.go:440.17,443.4 2 0
github.com/khulnasoft-lab/hooker/v2/router/router.go:444.10,447.13 2 1
github.com/khulnasoft-lab/hooker/v2/router/router.go:450.2,451.16 2 1
github.com/khulnasoft-lab/hooker/v2/router/router.go:451.16,454.3 2 0
github.com/khulnasoft-lab/hooker/v2/router/router.go:456.2,456.12 1 1
github.com/khulnasoft-lab/hooker/v2/router/router.go:459.29,460.6 1 1
github.com/khulnasoft-lab/hooker/v2/router/router.go:460.6,461.10 1 1
github.com/khulnasoft-lab/hooker/v2/router/router.go:462.19,463.10 1 1
github.com/khulnasoft-lab/hooker/v2/router/router.go:464.38,465.68 1 1
github.com/khulnasoft-lab/hooker/v2/router/router.go:466.30,469.18 3 0
github.com/khulnasoft-lab/hooker/v2/router/router.go:469.18,471.5 1 0
github.com/khulnasoft-lab/hooker/v2/router/router.go:472.4,472.50 1 0
github.com/khulnasoft-lab/hooker/v2/router/router.go:472.50,474.5 1 0
github.com/khulnasoft-lab/hooker/v2/router/router.go:475.31,478.72 2 0
github.com/khulnasoft-lab/hooker/v2/router/router.go:484.68,486.16 2 1
github.com/khulnasoft-lab/hooker/v2/router/router.go:486.16,488.3 1 1
github.com/khulnasoft-lab/hooker/v2/router/router.go:490.2,494.40 4 1
github.com/khulnasoft-lab/hooker/v2/router/router.go:494.40,495.34 1 1
github.com/khulnasoft-lab/hooker/v2/router/router.go:495.34,497.4 1 1
github.com/khulnasoft-lab/hooker/v2/router/router.go:500.2,500.35 1 1
github.com/khulnasoft-lab/hooker/v2/router/router.go:500.35,501.49 1 1
github.com/khulnasoft-lab/hooker/v2/router/router.go:501.49,502.51 1 1
github.com/khulnasoft-lab/hooker/v2/router/router.go:502.51,503.31 1 1
github.com/khulnasoft-lab/hooker/v2/router/router.go:503.31,506.38 3 1
github.com/khulnasoft-lab/hooker/v2/router/router.go:506.38,508.7 1 1
github.com/khulnasoft-lab/hooker/v2/router/router.go:509.6,510.54 2 1
github.com/khulnasoft-lab/hooker/v2/router/router.go:516.2,516.34 1 1
github.com/khulnasoft-lab/hooker/v2/router/router.go:516.34,517.50 1 1
github.com/khulnasoft-lab/hooker/v2/router/router.go:517.50,518.91 1 1
github.com/khulnasoft-lab/hooker/v2/router/router.go:518.91,520.5 1 1
github.com/khulnasoft-lab/hooker/v2/router/router.go:524.2,529.16 5 1
github.com/khulnasoft-lab/hooker/v2/router/router.go:529.16,531.3 1 0
github.com/khulnasoft-lab/hooker/v2/router/router.go:533.2,533.26 1 1
github.com/khulnasoft-lab/hooker/v2/router/router.go:536.56,537.34 1 1
github.com/khulnasoft-lab/hooker/v2/router/router.go:537.34,538.28 1 1
github.com/khulnasoft-lab/hooker/v2/router/router.go:538.28,540.4 1 1
github.com/khulnasoft-lab/hooker/v2/router/router.go:542.2,542.14 1 1
github.com/khulnasoft-lab/hooker/v2/router/router.go:545.57,551.79 5 0
github.com/khulnasoft-lab/hooker/v2/router/router.go:551.79,553.3 1 0
github.com/khulnasoft-lab/hooker/v2/router/router.go:554.2,554.64 1 0
github.com/khulnasoft-lab/hooker/v2/router/router.go:554.64,556.3 1 0
github.com/khulnasoft-lab/hooker/v2/router/router.go:557.2,557.13 1 0
github.com/khulnasoft-lab/hooker/v2/router/sizeparser.go:24.36,25.19 1 1
github.com/khulnasoft-lab/hooker/v2/router/sizeparser.go:25.19,27.3 1 1
github.com/khulnasoft-lab/hooker/v2/router/sizeparser.go:29.2,31.20 2 1
github.com/khulnasoft-lab/hooker/v2/router/sizeparser.go:31.20,33.17 2 1
github.com/khulnasoft-lab/hooker/v2/router/sizeparser.go:33.17,36.4 2 1
github.com/khulnasoft-lab/hooker/v2/router/sizeparser.go:37.3,37.23 1 1
github.com/khulnasoft-lab/hooker/v2/router/sizeparser.go:37.23,40.4 2 1
github.com/khulnasoft-lab/hooker/v2/router/sizeparser.go:40.9,42.4 1 1
github.com/khulnasoft-lab/hooker/v2/router/sizeparser.go:43.8,46.3 2 1
github.com/khulnasoft-lab/hooker/v2/regoservice/eval.go:42.67,44.2 1 1
github.com/khulnasoft-lab/hooker/v2/regoservice/eval.go:46.114,50.16 3 1
github.com/khulnasoft-lab/hooker/v2/regoservice/eval.go:50.16,52.3 1 0
github.com/khulnasoft-lab/hooker/v2/regoservice/eval.go:54.2,54.49 1 1
github.com/khulnasoft-lab/hooker/v2/regoservice/eval.go:54.49,56.3 1 0
github.com/khulnasoft-lab/hooker/v2/regoservice/eval.go:58.2,59.36 2 1
github.com/khulnasoft-lab/hooker/v2/regoservice/eval.go:59.36,61.3 1 1
github.com/khulnasoft-lab/hooker/v2/regoservice/eval.go:61.8,63.18 2 1
github.com/khulnasoft-lab/hooker/v2/regoservice/eval.go:63.18,65.4 1 1
github.com/khulnasoft-lab/hooker/v2/regoservice/eval.go:68.2,71.16 3 1
github.com/khulnasoft-lab/hooker/v2/regoservice/eval.go:71.16,73.3 1 1
github.com/khulnasoft-lab/hooker/v2/regoservice/eval.go:75.2,77.16 2 1
github.com/khulnasoft-lab/hooker/v2/regoservice/eval.go:77.16,79.3 1 0
github.com/khulnasoft-lab/hooker/v2/regoservice/eval.go:81.2,82.9 2 1
github.com/khulnasoft-lab/hooker/v2/regoservice/eval.go:82.9,84.3 1 1
github.com/khulnasoft-lab/hooker/v2/regoservice/eval.go:88.2,107.8 8 1
github.com/khulnasoft-lab/hooker/v2/regoservice/eval.go:110.73,113.8 3 1
github.com/khulnasoft-lab/hooker/v2/regoservice/eval.go:113.8,114.19 1 1
github.com/khulnasoft-lab/hooker/v2/regoservice/eval.go:115.15,116.22 1 1
github.com/khulnasoft-lab/hooker/v2/regoservice/eval.go:117.20,118.36 1 1
github.com/khulnasoft-lab/hooker/v2/regoservice/eval.go:122.2,122.14 1 1
github.com/khulnasoft-lab/hooker/v2/regoservice/eval.go:125.78,126.28 1 1
github.com/khulnasoft-lab/hooker/v2/regoservice/eval.go:126.28,129.10 3 1
github.com/khulnasoft-lab/hooker/v2/regoservice/eval.go:129.10,131.4 1 1
github.com/khulnasoft-lab/hooker/v2/regoservice/eval.go:132.3,132.27 1 1
github.com/khulnasoft-lab/hooker/v2/regoservice/eval.go:132.27,134.4 1 1
github.com/khulnasoft-lab/hooker/v2/regoservice/eval.go:134.9,136.20 2 1
github.com/khulnasoft-lab/hooker/v2/regoservice/eval.go:136.20,138.5 1 1
github.com/khulnasoft-lab/hooker/v2/regoservice/eval.go:141.2,141.12 1 1
github.com/khulnasoft-lab/hooker/v2/regoservice/eval.go:144.79,146.9 2 1
github.com/khulnasoft-lab/hooker/v2/regoservice/eval.go:146.9,148.3 1 1
github.com/khulnasoft-lab/hooker/v2/regoservice/eval.go:149.2,149.26 1 1
github.com/khulnasoft-lab/hooker/v2/regoservice/eval.go:150.14,151.16 1 1
github.com/khulnasoft-lab/hooker/v2/regoservice/eval.go:152.10,154.17 2 1
github.com/khulnasoft-lab/hooker/v2/regoservice/eval.go:154.17,156.4 1 0
github.com/khulnasoft-lab/hooker/v2/regoservice/eval.go:158.3,159.48 2 1
github.com/khulnasoft-lab/hooker/v2/regoservice/eval.go:159.48,161.4 1 0
github.com/khulnasoft-lab/hooker/v2/regoservice/eval.go:163.3,163.27 1 1
github.com/khulnasoft-lab/hooker/v2/regoservice/eval.go:166.114,169.29 2 1
github.com/khulnasoft-lab/hooker/v2/regoservice/eval.go:169.29,175.59 4 1
github.com/khulnasoft-lab/hooker/v2/regoservice/eval.go:175.59,177.4 1 1
github.com/khulnasoft-lab/hooker/v2/regoservice/eval.go:177.9,179.4 1 0
github.com/khulnasoft-lab/hooker/v2/regoservice/eval.go:181.3,194.48 10 1
github.com/khulnasoft-lab/hooker/v2/regoservice/eval.go:197.2,200.16 3 1
github.com/khulnasoft-lab/hooker/v2/regoservice/eval.go:200.16,202.3 1 0
github.com/khulnasoft-lab/hooker/v2/regoservice/eval.go:204.2,204.49 1 1
github.com/khulnasoft-lab/hooker/v2/regoservice/eval.go:204.49,206.3 1 0
github.com/khulnasoft-lab/hooker/v2/regoservice/eval.go:208.2,214.16 4 1
github.com/khulnasoft-lab/hooker/v2/regoservice/eval.go:214.16,216.3 1 0
github.com/khulnasoft-lab/hooker/v2/regoservice/eval.go:218.2,220.16 2 1
github.com/khulnasoft-lab/hooker/v2/regoservice/eval.go:220.16,222.3 1 0
github.com/khulnasoft-lab/hooker/v2/regoservice/eval.go:224.2,225.9 2 1
github.com/khulnasoft-lab/hooker/v2/regoservice/eval.go:225.9,227.3 1 1
github.com/khulnasoft-lab/hooker/v2/regoservice/eval.go:231.2,250.8 8 1
github.com/khulnasoft-lab/hooker/v2/regoservice/eval.go:253.76,256.16 2 1
github.com/khulnasoft-lab/hooker/v2/regoservice/eval.go:256.16,258.3 1 0
github.com/khulnasoft-lab/hooker/v2/regoservice/eval.go:260.2,262.16 2 1
github.com/khulnasoft-lab/hooker/v2/regoservice/eval.go:262.16,264.3 1 1
github.com/khulnasoft-lab/hooker/v2/regoservice/eval.go:266.2,270.8 1 1
github.com/khulnasoft-lab/hooker/v2/regoservice/eval.go:272.87,282.16 4 1
github.com/khulnasoft-lab/hooker/v2/regoservice/eval.go:282.16,284.3 1 0
github.com/khulnasoft-lab/hooker/v2/regoservice/eval.go:286.2,286.16 1 1
github.com/khulnasoft-lab/hooker/v2/regoservice/eval.go:291.70,292.33 1 1
github.com/khulnasoft-lab/hooker/v2/regoservice/eval.go:292.33,294.3 1 1
github.com/khulnasoft-lab/hooker/v2/regoservice/eval.go:295.2,295.14 1 1
github.com/khulnasoft-lab/hooker/v2/regoservice/eval.go:298.90,304.49 3 1
github.com/khulnasoft-lab/hooker/v2/regoservice/eval.go:304.49,306.3 1 1
github.com/khulnasoft-lab/hooker/v2/regoservice/eval.go:308.2,314.32 4 1
github.com/khulnasoft-lab/hooker/v2/regoservice/eval.go:314.32,317.17 3 1
github.com/khulnasoft-lab/hooker/v2/regoservice/eval.go:317.17,319.4 1 0
github.com/khulnasoft-lab/hooker/v2/regoservice/eval.go:320.8,323.3 1 1
github.com/khulnasoft-lab/hooker/v2/regoservice/eval.go:324.2,324.23 1 1
github.com/khulnasoft-lab/hooker/v2/regoservice/eval.go:327.86,337.16 3 1
github.com/khulnasoft-lab/hooker/v2/regoservice/eval.go:337.16,339.3 1 0
github.com/khulnasoft-lab/hooker/v2/regoservice/eval.go:341.2,343.16 2 1
github.com/khulnasoft-lab/hooker/v2/regoservice/eval.go:343.16,345.3 1 0
github.com/khulnasoft-lab/hooker/v2/regoservice/eval.go:347.2,351.8 1 1
github.com/khulnasoft-lab/hooker/v2/regoservice/jsonformat.go:12.39,19.63 1 1
github.com/khulnasoft-lab/hooker/v2/regoservice/jsonformat.go:19.63,22.18 3 1
github.com/khulnasoft-lab/hooker/v2/regoservice/jsonformat.go:22.18,26.5 2 0
github.com/khulnasoft-lab/hooker/v2/regoservice/jsonformat.go:27.4,28.18 2 1
github.com/khulnasoft-lab/hooker/v2/regoservice/jsonformat.go:28.18,32.5 2 0
github.com/khulnasoft-lab/hooker/v2/regoservice/jsonformat.go:33.4,33.41 1 1
github.com/khulnasoft-lab/hooker/v2/regoservice/regocheck.go:27.61,28.29 1 1
github.com/khulnasoft-lab/hooker/v2/regoservice/regocheck.go:28.29,29.43 1 1
github.com/khulnasoft-lab/hooker/v2/regoservice/regocheck.go:29.43,31.4 1 1
github.com/khulnasoft-lab/hooker/v2/regoservice/regocheck.go:31.9,33.4 1 1
github.com/khulnasoft-lab/hooker/v2/regoservice/regocheck.go:35.2,37.37 3 1
github.com/khulnasoft-lab/hooker/v2/regoservice/regocheck.go:37.37,38.50 1 1
github.com/khulnasoft-lab/hooker/v2/regoservice/regocheck.go:38.50,40.4 1 1
github.com/khulnasoft-lab/hooker/v2/regoservice/regocheck.go:42.2,42.22 1 1
github.com/khulnasoft-lab/hooker/v2/regoservice/regocheck.go:45.70,46.28 1 1
github.com/khulnasoft-lab/hooker/v2/regoservice/regocheck.go:46.28,49.3 2 1
github.com/khulnasoft-lab/hooker/v2/regoservice/regocheck.go:51.2,51.62 1 1
github.com/khulnasoft-lab/hooker/v2/regoservice/regocheck.go:53.43,55.2 1 1
github.com/khulnasoft-lab/hooker/v2/regoservice/regocheck.go:56.90,57.43 1 1
github.com/khulnasoft-lab/hooker/v2/regoservice/regocheck.go:57.43,59.3 1 1
github.com/khulnasoft-lab/hooker/v2/regoservice/regocheck.go:61.2,69.16 4 1
github.com/khulnasoft-lab/hooker/v2/regoservice/regocheck.go:69.16,71.3 1 1
github.com/khulnasoft-lab/hooker/v2/regoservice/regocheck.go:73.2,74.16 2 1
github.com/khulnasoft-lab/hooker/v2/regoservice/regocheck.go:74.16,76.3 1 0
github.com/khulnasoft-lab/hooker/v2/regoservice/regocheck.go:78.2,78.17 1 1
github.com/khulnasoft-lab/hooker/v2/regoservice/regocheck.go:78.17,79.37 1 1
github.com/khulnasoft-lab/hooker/v2/regoservice/regocheck.go:80.13,81.42 1 1
github.com/khulnasoft-lab/hooker/v2/regoservice/regocheck.go:84.2,84.19 1 0
github.com/khulnasoft-lab/hooker/v2/actions/aws_securityhub.go:80.49,82.2 1 0
github.com/khulnasoft-lab/hooker/v2/actions/aws_securityhub.go:84.46,87.16 2 0
github.com/khulnasoft-lab/hooker/v2/actions/aws_securityhub.go:87.16,89.3 1 0
github.com/khulnasoft-lab/hooker/v2/actions/aws_securityhub.go:91.2,92.22 2 0
github.com/khulnasoft-lab/hooker/v2/actions/aws_securityhub.go:92.22,94.3 1 0
github.com/khulnasoft-lab/hooker/v2/actions/aws_securityhub.go:96.2,96.12 1 0
github.com/khulnasoft-lab/hooker/v2/actions/aws_securityhub.go:99.64,101.69 2 1
github.com/khulnasoft-lab/hooker/v2/actions/aws_securityhub.go:101.69,103.3 1 1
github.com/khulnasoft-lab/hooker/v2/actions/aws_securityhub.go:105.2,105.26 1 1
github.com/khulnasoft-lab/hooker/v2/actions/aws_securityhub.go:105.26,107.3 1 1
github.com/khulnasoft-lab/hooker/v2/actions/aws_securityhub.go:109.2,110.31 2 1
github.com/khulnasoft-lab/hooker/v2/actions/aws_securityhub.go:110.31,143.3 5 1
github.com/khulnasoft-lab/hooker/v2/actions/aws_securityhub.go:145.2,148.51 4 1
github.com/khulnasoft-lab/hooker/v2/actions/aws_securityhub.go:148.51,152.17 2 1
github.com/khulnasoft-lab/hooker/v2/actions/aws_securityhub.go:152.17,154.4 1 1
github.com/khulnasoft-lab/hooker/v2/actions/aws_securityhub.go:156.3,156.37 1 1
github.com/khulnasoft-lab/hooker/v2/actions/aws_securityhub.go:156.37,159.45 3 1
github.com/khulnasoft-lab/hooker/v2/actions/aws_securityhub.go:159.45,161.5 1 1
github.com/khulnasoft-lab/hooker/v2/actions/aws_securityhub.go:163.3,163.43 1 1
github.com/khulnasoft-lab/hooker/v2/actions/aws_securityhub.go:166.2,167.12 2 1
github.com/khulnasoft-lab/hooker/v2/actions/aws_securityhub.go:170.50,172.2 1 0
github.com/khulnasoft-lab/hooker/v2/actions/aws_securityhub.go:174.74,178.2 1 0
github.com/khulnasoft-lab/hooker/v2/actions/aws_securityhub.go:180.62,181.29 1 1
github.com/khulnasoft-lab/hooker/v2/actions/aws_securityhub.go:181.29,183.3 1 0
github.com/khulnasoft-lab/hooker/v2/actions/aws_securityhub.go:184.2,184.30 1 1
github.com/khulnasoft-lab/hooker/v2/actions/dependencytrack.go:22.52,24.2 1 0
github.com/khulnasoft-lab/hooker/v2/actions/dependencytrack.go:26.48,29.2 2 0
github.com/khulnasoft-lab/hooker/v2/actions/dependencytrack.go:31.73,33.26 2 1
github.com/khulnasoft-lab/hooker/v2/actions/dependencytrack.go:33.26,35.3 1 1
github.com/khulnasoft-lab/hooker/v2/actions/dependencytrack.go:37.2,38.33 2 1
github.com/khulnasoft-lab/hooker/v2/actions/dependencytrack.go:38.33,40.3 1 1
github.com/khulnasoft-lab/hooker/v2/actions/dependencytrack.go:42.2,43.16 2 1
github.com/khulnasoft-lab/hooker/v2/actions/dependencytrack.go:43.16,45.3 1 1
github.com/khulnasoft-lab/hooker/v2/actions/dependencytrack.go:47.2,48.16 2 1
github.com/khulnasoft-lab/hooker/v2/actions/dependencytrack.go:48.16,50.3 1 0
github.com/khulnasoft-lab/hooker/v2/actions/dependencytrack.go:52.2,61.16 3 1
github.com/khulnasoft-lab/hooker/v2/actions/dependencytrack.go:61.16,63.3 1 1
github.com/khulnasoft-lab/hooker/v2/actions/dependencytrack.go:65.2,67.12 2 1
github.com/khulnasoft-lab/hooker/v2/actions/dependencytrack.go:70.53,73.2 2 0
github.com/khulnasoft-lab/hooker/v2/actions/dependencytrack.go:75.77,77.2 1 0
github.com/khulnasoft-lab/hooker/v2/actions/docker.go:34.40,36.2 1 1
github.com/khulnasoft-lab/hooker/v2/actions/docker.go:38.37,41.16 3 0
github.com/khulnasoft-lab/hooker/v2/actions/docker.go:41.16,43.3 1 0
github.com/khulnasoft-lab/hooker/v2/actions/docker.go:44.2,47.12 3 0
github.com/khulnasoft-lab/hooker/v2/actions/docker.go:50.55,55.16 4 1
github.com/khulnasoft-lab/hooker/v2/actions/docker.go:55.16,57.3 1 1
github.com/khulnasoft-lab/hooker/v2/actions/docker.go:58.2,61.24 3 1
github.com/khulnasoft-lab/hooker/v2/actions/docker.go:61.24,62.35 1 1
github.com/khulnasoft-lab/hooker/v2/actions/docker.go:62.35,64.4 1 1
github.com/khulnasoft-lab/hooker/v2/actions/docker.go:66.2,66.24 1 1
github.com/khulnasoft-lab/hooker/v2/actions/docker.go:66.24,68.3 1 1
github.com/khulnasoft-lab/hooker/v2/actions/docker.go:70.2,78.16 4 1
github.com/khulnasoft-lab/hooker/v2/actions/docker.go:78.16,80.3 1 1
github.com/khulnasoft-lab/hooker/v2/actions/docker.go:81.2,81.15 1 1
github.com/khulnasoft-lab/hooker/v2/actions/docker.go:81.15,83.3 1 1
github.com/khulnasoft-lab/hooker/v2/actions/docker.go:84.2,84.93 1 1
github.com/khulnasoft-lab/hooker/v2/actions/docker.go:84.93,86.3 1 1
github.com/khulnasoft-lab/hooker/v2/actions/docker.go:88.2,89.9 2 1
github.com/khulnasoft-lab/hooker/v2/actions/docker.go:90.22,91.17 1 1
github.com/khulnasoft-lab/hooker/v2/actions/docker.go:91.17,93.4 1 1
github.com/khulnasoft-lab/hooker/v2/actions/docker.go:94.18,94.18 0 1
github.com/khulnasoft-lab/hooker/v2/actions/docker.go:97.2,99.16 2 1
github.com/khulnasoft-lab/hooker/v2/actions/docker.go:99.16,101.3 1 1
github.com/khulnasoft-lab/hooker/v2/actions/docker.go:103.2,106.12 4 1
github.com/khulnasoft-lab/hooker/v2/actions/docker.go:109.41,110.41 1 0
github.com/khulnasoft-lab/hooker/v2/actions/docker.go:110.41,112.3 1 0
github.com/khulnasoft-lab/hooker/v2/actions/docker.go:113.2,114.12 2 0
github.com/khulnasoft-lab/hooker/v2/actions/docker.go:117.65,119.2 1 0
github.com/khulnasoft-lab/hooker/v2/actions/docker.go:121.79,122.26 1 1
github.com/khulnasoft-lab/hooker/v2/actions/docker.go:122.26,124.44 2 1
github.com/khulnasoft-lab/hooker/v2/actions/docker.go:124.44,125.58 1 1
github.com/khulnasoft-lab/hooker/v2/actions/docker.go:125.58,127.5 1 1
github.com/khulnasoft-lab/hooker/v2/actions/docker.go:127.10,129.5 1 0
github.com/khulnasoft-lab/hooker/v2/actions/docker.go:130.9,132.4 1 1
github.com/khulnasoft-lab/hooker/v2/actions/docker.go:133.3,133.43 1 1
github.com/khulnasoft-lab/hooker/v2/actions/docker.go:135.2,135.8 1 1
github.com/khulnasoft-lab/hooker/v2/actions/email.go:35.44,37.2 1 0
github.com/khulnasoft-lab/hooker/v2/actions/email.go:39.40,41.24 2 0
github.com/khulnasoft-lab/hooker/v2/actions/email.go:41.24,43.3 1 0
github.com/khulnasoft-lab/hooker/v2/actions/email.go:44.2,44.32 1 0
github.com/khulnasoft-lab/hooker/v2/actions/email.go:44.32,47.3 2 0
github.com/khulnasoft-lab/hooker/v2/actions/email.go:47.8,49.3 1 0
github.com/khulnasoft-lab/hooker/v2/actions/email.go:51.2,51.12 1 0
github.com/khulnasoft-lab/hooker/v2/actions/email.go:54.45,57.2 2 0
github.com/khulnasoft-lab/hooker/v2/actions/email.go:59.69,61.2 1 0
github.com/khulnasoft-lab/hooker/v2/actions/email.go:63.65,68.26 5 1
github.com/khulnasoft-lab/hooker/v2/actions/email.go:68.26,70.3 1 1
github.com/khulnasoft-lab/hooker/v2/actions/email.go:72.2,79.17 2 1
github.com/khulnasoft-lab/hooker/v2/actions/email.go:79.17,82.3 2 1
github.com/khulnasoft-lab/hooker/v2/actions/email.go:84.2,85.52 2 1
github.com/khulnasoft-lab/hooker/v2/actions/email.go:85.52,87.3 1 1
github.com/khulnasoft-lab/hooker/v2/actions/email.go:89.2,90.16 2 1
github.com/khulnasoft-lab/hooker/v2/actions/email.go:90.16,94.3 3 1
github.com/khulnasoft-lab/hooker/v2/actions/email.go:95.2,96.12 2 1
github.com/khulnasoft-lab/hooker/v2/actions/email.go:102.122,106.16 3 0
github.com/khulnasoft-lab/hooker/v2/actions/email.go:106.16,108.3 1 0
github.com/khulnasoft-lab/hooker/v2/actions/email.go:109.2,111.54 2 0
github.com/khulnasoft-lab/hooker/v2/actions/email.go:111.54,113.3 1 0
github.com/khulnasoft-lab/hooker/v2/actions/email.go:115.2,115.42 1 0
github.com/khulnasoft-lab/hooker/v2/actions/email.go:115.42,117.43 2 0
github.com/khulnasoft-lab/hooker/v2/actions/email.go:117.43,119.4 1 0
github.com/khulnasoft-lab/hooker/v2/actions/email.go:121.2,121.14 1 0
github.com/khulnasoft-lab/hooker/v2/actions/email.go:121.14,122.34 1 0
github.com/khulnasoft-lab/hooker/v2/actions/email.go:122.34,124.4 1 0
github.com/khulnasoft-lab/hooker/v2/actions/email.go:126.2,126.36 1 0
github.com/khulnasoft-lab/hooker/v2/actions/email.go:126.36,128.3 1 0
github.com/khulnasoft-lab/hooker/v2/actions/email.go:129.2,129.26 1 0
github.com/khulnasoft-lab/hooker/v2/actions/email.go:129.26,130.37 1 0
github.com/khulnasoft-lab/hooker/v2/actions/email.go:130.37,132.4 1 0
github.com/khulnasoft-lab/hooker/v2/actions/email.go:134.2,135.16 2 0
github.com/khulnasoft-lab/hooker/v2/actions/email.go:135.16,137.3 1 0
github.com/khulnasoft-lab/hooker/v2/actions/email.go:138.2,139.16 2 0
github.com/khulnasoft-lab/hooker/v2/actions/email.go:139.16,141.3 1 0
github.com/khulnasoft-lab/hooker/v2/actions/email.go:142.2,143.16 2 0
github.com/khulnasoft-lab/hooker/v2/actions/email.go:143.16,145.3 1 0
github.com/khulnasoft-lab/hooker/v2/actions/email.go:146.2,146.17 1 0
github.com/khulnasoft-lab/hooker/v2/actions/email.go:149.89,150.34 1 1
github.com/khulnasoft-lab/hooker/v2/actions/email.go:150.34,152.13 2 1
github.com/khulnasoft-lab/hooker/v2/actions/email.go:152.13,154.12 2 1
github.com/khulnasoft-lab/hooker/v2/actions/email.go:157.3,159.17 3 1
github.com/khulnasoft-lab/hooker/v2/actions/email.go:159.17,161.12 2 1
github.com/khulnasoft-lab/hooker/v2/actions/email.go:164.3,164.26 1 1
github.com/khulnasoft-lab/hooker/v2/actions/email.go:164.26,165.103 1 1
github.com/khulnasoft-lab/hooker/v2/actions/email.go:165.103,168.13 3 1
github.com/khulnasoft-lab/hooker/v2/actions/email.go:170.4,171.9 2 1
github.com/khulnasoft-lab/hooker/v2/actions/exec.go:26.39,28.2 1 1
github.com/khulnasoft-lab/hooker/v2/actions/exec.go:30.35,33.2 2 1
github.com/khulnasoft-lab/hooker/v2/actions/exec.go:35.54,41.26 5 1
github.com/khulnasoft-lab/hooker/v2/actions/exec.go:41.26,44.3 2 1
github.com/khulnasoft-lab/hooker/v2/actions/exec.go:45.2,45.27 1 1
github.com/khulnasoft-lab/hooker/v2/actions/exec.go:45.27,49.3 3 1
github.com/khulnasoft-lab/hooker/v2/actions/exec.go:51.2,52.54 2 1
github.com/khulnasoft-lab/hooker/v2/actions/exec.go:52.54,54.3 1 1
github.com/khulnasoft-lab/hooker/v2/actions/exec.go:55.2,56.12 2 1
github.com/khulnasoft-lab/hooker/v2/actions/exec.go:59.40,62.2 2 0
github.com/khulnasoft-lab/hooker/v2/actions/exec.go:64.64,68.2 1 0
github.com/khulnasoft-lab/hooker/v2/actions/http.go:33.40,35.2 1 1
github.com/khulnasoft-lab/hooker/v2/actions/http.go:37.36,39.2 1 1
github.com/khulnasoft-lab/hooker/v2/actions/http.go:41.54,47.16 3 1
github.com/khulnasoft-lab/hooker/v2/actions/http.go:47.16,49.3 1 0
github.com/khulnasoft-lab/hooker/v2/actions/http.go:51.2,52.34 2 1
github.com/khulnasoft-lab/hooker/v2/actions/http.go:52.34,53.28 1 1
github.com/khulnasoft-lab/hooker/v2/actions/http.go:53.28,55.4 1 1
github.com/khulnasoft-lab/hooker/v2/actions/http.go:58.2,58.26 1 1
github.com/khulnasoft-lab/hooker/v2/actions/http.go:58.26,60.17 2 1
github.com/khulnasoft-lab/hooker/v2/actions/http.go:60.17,62.4 1 1
github.com/khulnasoft-lab/hooker/v2/actions/http.go:63.3,63.16 1 1
github.com/khulnasoft-lab/hooker/v2/actions/http.go:66.2,66.29 1 1
github.com/khulnasoft-lab/hooker/v2/actions/http.go:66.29,68.3 1 1
github.com/khulnasoft-lab/hooker/v2/actions/http.go:70.2,71.16 2 1
github.com/khulnasoft-lab/hooker/v2/actions/http.go:71.16,74.3 2 1
github.com/khulnasoft-lab/hooker/v2/actions/http.go:75.2,78.16 3 1
github.com/khulnasoft-lab/hooker/v2/actions/http.go:78.16,80.3 1 0
github.com/khulnasoft-lab/hooker/v2/actions/http.go:82.2,82.52 1 1
github.com/khulnasoft-lab/hooker/v2/actions/http.go:82.52,84.3 1 1
github.com/khulnasoft-lab/hooker/v2/actions/http.go:86.2,87.12 2 1
github.com/khulnasoft-lab/hooker/v2/actions/http.go:90.73,93.17 3 1
github.com/khulnasoft-lab/hooker/v2/actions/http.go:93.17,95.3 1 1
github.com/khulnasoft-lab/hooker/v2/actions/http.go:97.2,97.27 1 1
github.com/khulnasoft-lab/hooker/v2/actions/http.go:97.27,98.62 1 1
github.com/khulnasoft-lab/hooker/v2/actions/http.go:98.62,100.4 1 1
github.com/khulnasoft-lab/hooker/v2/actions/http.go:100.9,102.4 1 1
github.com/khulnasoft-lab/hooker/v2/actions/http.go:105.2,105.20 1 1
github.com/khulnasoft-lab/hooker/v2/actions/http.go:108.40,111.2 2 0
github.com/khulnasoft-lab/hooker/v2/actions/http.go:113.64,115.2 1 0
github.com/khulnasoft-lab/hooker/v2/actions/jira.go:53.38,55.2 1 1
github.com/khulnasoft-lab/hooker/v2/actions/jira.go:57.52,59.16 2 1
github.com/khulnasoft-lab/hooker/v2/actions/jira.go:59.16,62.3 2 1
github.com/khulnasoft-lab/hooker/v2/actions/jira.go:64.2,65.16 2 1
github.com/khulnasoft-lab/hooker/v2/actions/jira.go:65.16,68.3 2 1
github.com/khulnasoft-lab/hooker/v2/actions/jira.go:69.2,70.41 2 1
github.com/khulnasoft-lab/hooker/v2/actions/jira.go:70.41,71.30 1 1
github.com/khulnasoft-lab/hooker/v2/actions/jira.go:71.30,75.4 3 1
github.com/khulnasoft-lab/hooker/v2/actions/jira.go:78.2,78.17 1 1
github.com/khulnasoft-lab/hooker/v2/actions/jira.go:78.17,80.3 1 1
github.com/khulnasoft-lab/hooker/v2/actions/jira.go:80.8,80.25 1 1
github.com/khulnasoft-lab/hooker/v2/actions/jira.go:80.25,83.3 2 1
github.com/khulnasoft-lab/hooker/v2/actions/jira.go:83.8,85.3 1 1
github.com/khulnasoft-lab/hooker/v2/actions/jira.go:88.56,90.16 2 1
github.com/khulnasoft-lab/hooker/v2/actions/jira.go:90.16,93.3 2 1
github.com/khulnasoft-lab/hooker/v2/actions/jira.go:94.2,94.29 1 1
github.com/khulnasoft-lab/hooker/v2/actions/jira.go:94.29,97.3 2 1
github.com/khulnasoft-lab/hooker/v2/actions/jira.go:97.8,97.37 1 1
github.com/khulnasoft-lab/hooker/v2/actions/jira.go:97.37,98.43 1 1
github.com/khulnasoft-lab/hooker/v2/actions/jira.go:98.43,101.4 2 1
github.com/khulnasoft-lab/hooker/v2/actions/jira.go:102.8,104.3 1 1
github.com/khulnasoft-lab/hooker/v2/actions/jira.go:107.39,110.2 2 0
github.com/khulnasoft-lab/hooker/v2/actions/jira.go:112.34,113.25 1 1
github.com/khulnasoft-lab/hooker/v2/actions/jira.go:113.25,115.3 1 1
github.com/khulnasoft-lab/hooker/v2/actions/jira.go:116.2,119.28 3 1
github.com/khulnasoft-lab/hooker/v2/actions/jira.go:119.28,121.3 1 1
github.com/khulnasoft-lab/hooker/v2/actions/jira.go:122.2,122.12 1 1
github.com/khulnasoft-lab/hooker/v2/actions/jira.go:125.64,127.2 1 1
github.com/khulnasoft-lab/hooker/v2/actions/jira.go:129.66,130.21 1 1
github.com/khulnasoft-lab/hooker/v2/actions/jira.go:130.21,131.29 1 1
github.com/khulnasoft-lab/hooker/v2/actions/jira.go:131.29,133.4 1 1
github.com/khulnasoft-lab/hooker/v2/actions/jira.go:134.3,134.25 1 1
github.com/khulnasoft-lab/hooker/v2/actions/jira.go:134.25,136.4 1 1
github.com/khulnasoft-lab/hooker/v2/actions/jira.go:137.3,140.21 2 1
github.com/khulnasoft-lab/hooker/v2/actions/jira.go:140.21,144.4 1 1
github.com/khulnasoft-lab/hooker/v2/actions/jira.go:145.3,145.26 1 1
github.com/khulnasoft-lab/hooker/v2/actions/jira.go:146.8,151.21 2 1
github.com/khulnasoft-lab/hooker/v2/actions/jira.go:151.21,155.4 1 1
github.com/khulnasoft-lab/hooker/v2/actions/jira.go:156.3,156.26 1 1
github.com/khulnasoft-lab/hooker/v2/actions/jira.go:160.61,162.16 2 1
github.com/khulnasoft-lab/hooker/v2/actions/jira.go:162.16,164.3 1 1
github.com/khulnasoft-lab/hooker/v2/actions/jira.go:165.2,166.16 2 1
github.com/khulnasoft-lab/hooker/v2/actions/jira.go:166.16,168.3 1 1
github.com/khulnasoft-lab/hooker/v2/actions/jira.go:169.2,169.20 1 1
github.com/khulnasoft-lab/hooker/v2/actions/jira.go:172.59,174.16 2 1
github.com/khulnasoft-lab/hooker/v2/actions/jira.go:174.16,177.3 2 1
github.com/khulnasoft-lab/hooker/v2/actions/jira.go:179.2,179.30 1 1
github.com/khulnasoft-lab/hooker/v2/actions/jira.go:179.30,181.3 1 1
github.com/khulnasoft-lab/hooker/v2/actions/jira.go:183.2,184.16 2 1
github.com/khulnasoft-lab/hooker/v2/actions/jira.go:184.16,186.3 1 1
github.com/khulnasoft-lab/hooker/v2/actions/jira.go:188.2,189.16 2 1
github.com/khulnasoft-lab/hooker/v2/actions/jira.go:189.16,191.3 1 1
github.com/khulnasoft-lab/hooker/v2/actions/jira.go:193.2,194.16 2 1
github.com/khulnasoft-lab/hooker/v2/actions/jira.go:194.16,196.3 1 0
github.com/khulnasoft-lab/hooker/v2/actions/jira.go:198.2,206.16 5 1
github.com/khulnasoft-lab/hooker/v2/actions/jira.go:206.16,208.3 1 1
github.com/khulnasoft-lab/hooker/v2/actions/jira.go:210.2,212.16 2 1
github.com/khulnasoft-lab/hooker/v2/actions/jira.go:212.16,215.3 2 1
github.com/khulnasoft-lab/hooker/v2/actions/jira.go:217.2,217.25 1 1
github.com/khulnasoft-lab/hooker/v2/actions/jira.go:217.25,218.32 1 1
github.com/khulnasoft-lab/hooker/v2/actions/jira.go:218.32,220.4 1 1
github.com/khulnasoft-lab/hooker/v2/actions/jira.go:223.2,223.30 1 1
github.com/khulnasoft-lab/hooker/v2/actions/jira.go:223.30,224.37 1 1
github.com/khulnasoft-lab/hooker/v2/actions/jira.go:224.37,228.4 1 1
github.com/khulnasoft-lab/hooker/v2/actions/jira.go:231.2,231.34 1 1
github.com/khulnasoft-lab/hooker/v2/actions/jira.go:231.34,233.41 2 1
github.com/khulnasoft-lab/hooker/v2/actions/jira.go:233.41,237.4 1 1
github.com/khulnasoft-lab/hooker/v2/actions/jira.go:238.3,239.89 2 1
github.com/khulnasoft-lab/hooker/v2/actions/jira.go:242.2,243.16 2 1
github.com/khulnasoft-lab/hooker/v2/actions/jira.go:243.16,246.3 2 1
github.com/khulnasoft-lab/hooker/v2/actions/jira.go:247.2,248.12 2 1
github.com/khulnasoft-lab/hooker/v2/actions/jira.go:251.92,256.16 4 1
github.com/khulnasoft-lab/hooker/v2/actions/jira.go:256.16,258.3 1 1
github.com/khulnasoft-lab/hooker/v2/actions/jira.go:259.2,259.15 1 1
github.com/khulnasoft-lab/hooker/v2/actions/jira.go:262.83,264.16 2 1
github.com/khulnasoft-lab/hooker/v2/actions/jira.go:264.16,266.3 1 1
github.com/khulnasoft-lab/hooker/v2/actions/jira.go:269.2,270.24 2 1
github.com/khulnasoft-lab/hooker/v2/actions/jira.go:270.24,272.3 1 1
github.com/khulnasoft-lab/hooker/v2/actions/jira.go:274.2,274.25 1 1
github.com/khulnasoft-lab/hooker/v2/actions/jira.go:277.80,278.25 1 1
github.com/khulnasoft-lab/hooker/v2/actions/jira.go:278.25,279.52 1 1
github.com/khulnasoft-lab/hooker/v2/actions/jira.go:279.52,281.4 1 1
github.com/khulnasoft-lab/hooker/v2/actions/jira.go:281.9,283.4 1 1
github.com/khulnasoft-lab/hooker/v2/actions/jira.go:284.8,285.55 1 1
github.com/khulnasoft-lab/hooker/v2/actions/jira.go:285.55,287.4 1 1
github.com/khulnasoft-lab/hooker/v2/actions/jira.go:288.3,288.38 1 1
github.com/khulnasoft-lab/hooker/v2/actions/jira.go:288.38,290.4 1 1
github.com/khulnasoft-lab/hooker/v2/actions/jira.go:290.9,292.4 1 1
github.com/khulnasoft-lab/hooker/v2/actions/jira.go:296.78,297.44 1 1
github.com/khulnasoft-lab/hooker/v2/actions/jira.go:297.44,298.27 1 1
github.com/khulnasoft-lab/hooker/v2/actions/jira.go:298.27,300.4 1 1
github.com/khulnasoft-lab/hooker/v2/actions/jira.go:302.2,302.14 1 1
github.com/khulnasoft-lab/hooker/v2/actions/jira.go:305.80,307.16 2 1
github.com/khulnasoft-lab/hooker/v2/actions/jira.go:307.16,309.3 1 1
github.com/khulnasoft-lab/hooker/v2/actions/jira.go:311.2,311.24 1 1
github.com/khulnasoft-lab/hooker/v2/actions/jira.go:311.24,312.61 1 1
github.com/khulnasoft-lab/hooker/v2/actions/jira.go:312.61,314.4 1 1
github.com/khulnasoft-lab/hooker/v2/actions/jira.go:314.9,316.4 1 1
github.com/khulnasoft-lab/hooker/v2/actions/jira.go:317.8,318.69 1 1
github.com/khulnasoft-lab/hooker/v2/actions/jira.go:318.69,320.4 1 1
github.com/khulnasoft-lab/hooker/v2/actions/jira.go:320.9,321.34 1 1
github.com/khulnasoft-lab/hooker/v2/actions/jira.go:321.34,323.5 1 1
github.com/khulnasoft-lab/hooker/v2/actions/jira.go:323.10,325.5 1 1
github.com/khulnasoft-lab/hooker/v2/actions/jira.go:330.80,331.33 1 1
github.com/khulnasoft-lab/hooker/v2/actions/jira.go:331.33,332.25 1 1
github.com/khulnasoft-lab/hooker/v2/actions/jira.go:332.25,334.4 1 1
github.com/khulnasoft-lab/hooker/v2/actions/jira.go:336.2,336.14 1 1
github.com/khulnasoft-lab/hooker/v2/actions/jira.go:339.115,341.16 2 1
github.com/khulnasoft-lab/hooker/v2/actions/jira.go:341.16,343.3 1 1
github.com/khulnasoft-lab/hooker/v2/actions/jira.go:345.2,346.27 2 1
github.com/khulnasoft-lab/hooker/v2/actions/jira.go:346.27,348.25 2 1
github.com/khulnasoft-lab/hooker/v2/actions/jira.go:348.25,350.4 1 1
github.com/khulnasoft-lab/hooker/v2/actions/jira.go:353.2,354.16 2 1
github.com/khulnasoft-lab/hooker/v2/actions/jira.go:354.16,356.3 1 1
github.com/khulnasoft-lab/hooker/v2/actions/jira.go:358.2,360.31 2 1
github.com/khulnasoft-lab/hooker/v2/actions/jira.go:360.31,361.19 1 1
github.com/khulnasoft-lab/hooker/v2/actions/jira.go:362.20,363.44 1 1
github.com/khulnasoft-lab/hooker/v2/actions/jira.go:364.18,365.45 1 1
github.com/khulnasoft-lab/hooker/v2/actions/jira.go:366.19,367.43 1 1
github.com/khulnasoft-lab/hooker/v2/actions/jira.go:368.19,369.39 1 1
github.com/khulnasoft-lab/hooker/v2/actions/jira.go:370.22,371.46 1 1
github.com/khulnasoft-lab/hooker/v2/actions/jira.go:372.18,373.42 1 1
github.com/khulnasoft-lab/hooker/v2/actions/jira.go:374.11,378.70 1 1
github.com/khulnasoft-lab/hooker/v2/actions/jira.go:378.70,380.5 1 1
github.com/khulnasoft-lab/hooker/v2/actions/jira.go:385.2,385.33 1 1
github.com/khulnasoft-lab/hooker/v2/actions/jira.go:385.33,387.3 1 1
github.com/khulnasoft-lab/hooker/v2/actions/jira.go:388.2,388.27 1 1
github.com/khulnasoft-lab/hooker/v2/actions/jira.go:388.27,390.3 1 1
github.com/khulnasoft-lab/hooker/v2/actions/jira.go:392.2,392.26 1 1
github.com/khulnasoft-lab/hooker/v2/actions/jira.go:395.104,397.26 2 1
github.com/khulnasoft-lab/hooker/v2/actions/jira.go:397.26,399.3 1 1
github.com/khulnasoft-lab/hooker/v2/actions/jira.go:401.2,401.27 1 1
github.com/khulnasoft-lab/hooker/v2/actions/jira.go:404.167,411.39 5 1
github.com/khulnasoft-lab/hooker/v2/actions/jira.go:411.39,414.13 2 1
github.com/khulnasoft-lab/hooker/v2/actions/jira.go:414.13,416.4 1 1
github.com/khulnasoft-lab/hooker/v2/actions/jira.go:418.3,419.17 2 1
github.com/khulnasoft-lab/hooker/v2/actions/jira.go:419.17,421.4 1 1
github.com/khulnasoft-lab/hooker/v2/actions/jira.go:423.3,423.37 1 1
github.com/khulnasoft-lab/hooker/v2/actions/jira.go:424.16,429.18 3 1
github.com/khulnasoft-lab/hooker/v2/actions/jira.go:429.18,431.5 1 1
github.com/khulnasoft-lab/hooker/v2/actions/jira.go:432.4,432.20 1 1
github.com/khulnasoft-lab/hooker/v2/actions/jira.go:433.21,434.68 1 1
github.com/khulnasoft-lab/hooker/v2/actions/jira.go:435.18,438.38 2 1
github.com/khulnasoft-lab/hooker/v2/actions/jira.go:438.38,440.6 1 1
github.com/khulnasoft-lab/hooker/v2/actions/jira.go:441.5,441.47 1 1
github.com/khulnasoft-lab/hooker/v2/actions/jira.go:442.12,443.24 1 1
github.com/khulnasoft-lab/hooker/v2/actions/jira.go:443.24,445.20 2 1
github.com/khulnasoft-lab/hooker/v2/actions/jira.go:445.20,447.7 1 1
github.com/khulnasoft-lab/hooker/v2/actions/jira.go:448.6,448.41 1 1
github.com/khulnasoft-lab/hooker/v2/actions/jira.go:449.11,451.6 1 1
github.com/khulnasoft-lab/hooker/v2/actions/jira.go:453.17,455.18 2 1
github.com/khulnasoft-lab/hooker/v2/actions/jira.go:455.18,457.5 1 1
github.com/khulnasoft-lab/hooker/v2/actions/jira.go:458.4,458.39 1 1
github.com/khulnasoft-lab/hooker/v2/actions/jira.go:472.17,473.41 1 1
github.com/khulnasoft-lab/hooker/v2/actions/jira.go:474.15,475.41 1 1
github.com/khulnasoft-lab/hooker/v2/actions/jira.go:476.19,477.41 1 1
github.com/khulnasoft-lab/hooker/v2/actions/jira.go:478.14,480.41 1 1
github.com/khulnasoft-lab/hooker/v2/actions/jira.go:481.18,485.5 1 1
github.com/khulnasoft-lab/hooker/v2/actions/jira.go:486.19,487.62 1 1
github.com/khulnasoft-lab/hooker/v2/actions/jira.go:488.15,493.17 4 1
github.com/khulnasoft-lab/hooker/v2/actions/jira.go:493.17,495.5 1 1
github.com/khulnasoft-lab/hooker/v2/actions/jira.go:495.10,497.5 1 1
github.com/khulnasoft-lab/hooker/v2/actions/jira.go:499.4,499.18 1 1
github.com/khulnasoft-lab/hooker/v2/actions/jira.go:499.18,501.13 2 1
github.com/khulnasoft-lab/hooker/v2/actions/jira.go:503.4,503.40 1 1
github.com/khulnasoft-lab/hooker/v2/actions/jira.go:503.40,505.13 2 0
github.com/khulnasoft-lab/hooker/v2/actions/jira.go:507.4,507.23 1 1
github.com/khulnasoft-lab/hooker/v2/actions/jira.go:507.23,509.13 2 1
github.com/khulnasoft-lab/hooker/v2/actions/jira.go:511.4,511.44 1 1
github.com/khulnasoft-lab/hooker/v2/actions/jira.go:512.20,515.5 1 1
github.com/khulnasoft-lab/hooker/v2/actions/jira.go:516.17,519.5 1 1
github.com/khulnasoft-lab/hooker/v2/actions/jira.go:521.11,522.87 1 1
github.com/khulnasoft-lab/hooker/v2/actions/jira.go:525.2,526.19 2 1
github.com/khulnasoft-lab/hooker/v2/actions/jira.go:528.94,534.16 4 1
github.com/khulnasoft-lab/hooker/v2/actions/jira.go:534.16,537.3 2 0
github.com/khulnasoft-lab/hooker/v2/actions/jira.go:538.2,538.25 1 1
github.com/khulnasoft-lab/hooker/v2/actions/jira.go:540.39,543.16 2 1
github.com/khulnasoft-lab/hooker/v2/actions/jira.go:543.16,545.3 1 1
github.com/khulnasoft-lab/hooker/v2/actions/jira.go:547.2,547.14 1 1
github.com/khulnasoft-lab/hooker/v2/actions/kubernetes.go:26.19,29.2 2 0
github.com/khulnasoft-lab/hooker/v2/actions/kubernetes.go:31.80,33.24 2 1
github.com/khulnasoft-lab/hooker/v2/actions/kubernetes.go:33.24,35.3 1 1
github.com/khulnasoft-lab/hooker/v2/actions/kubernetes.go:36.2,36.24 1 1
github.com/khulnasoft-lab/hooker/v2/actions/kubernetes.go:36.24,38.3 1 1
github.com/khulnasoft-lab/hooker/v2/actions/kubernetes.go:39.2,39.15 1 1
github.com/khulnasoft-lab/hooker/v2/actions/kubernetes.go:52.44,54.2 1 0
github.com/khulnasoft-lab/hooker/v2/actions/kubernetes.go:56.41,58.16 2 0
github.com/khulnasoft-lab/hooker/v2/actions/kubernetes.go:58.16,61.3 2 0
github.com/khulnasoft-lab/hooker/v2/actions/kubernetes.go:63.2,64.16 2 0
github.com/khulnasoft-lab/hooker/v2/actions/kubernetes.go:64.16,67.3 2 0
github.com/khulnasoft-lab/hooker/v2/actions/kubernetes.go:69.2,69.12 1 0
github.com/khulnasoft-lab/hooker/v2/actions/kubernetes.go:72.66,74.46 2 1
github.com/khulnasoft-lab/hooker/v2/actions/kubernetes.go:74.46,76.3 1 1
github.com/khulnasoft-lab/hooker/v2/actions/kubernetes.go:76.8,78.3 1 1
github.com/khulnasoft-lab/hooker/v2/actions/kubernetes.go:79.2,79.12 1 1
github.com/khulnasoft-lab/hooker/v2/actions/kubernetes.go:82.105,87.60 4 1
github.com/khulnasoft-lab/hooker/v2/actions/kubernetes.go:87.60,89.3 1 1
github.com/khulnasoft-lab/hooker/v2/actions/kubernetes.go:91.2,91.36 1 1
github.com/khulnasoft-lab/hooker/v2/actions/kubernetes.go:91.36,92.26 1 1
github.com/khulnasoft-lab/hooker/v2/actions/kubernetes.go:92.26,94.47 2 1
github.com/khulnasoft-lab/hooker/v2/actions/kubernetes.go:94.47,96.5 1 1
github.com/khulnasoft-lab/hooker/v2/actions/kubernetes.go:96.10,98.5 1 1
github.com/khulnasoft-lab/hooker/v2/actions/kubernetes.go:99.4,99.68 1 1
github.com/khulnasoft-lab/hooker/v2/actions/kubernetes.go:99.68,101.5 1 1
github.com/khulnasoft-lab/hooker/v2/actions/kubernetes.go:101.10,103.5 1 1
github.com/khulnasoft-lab/hooker/v2/actions/kubernetes.go:107.2,107.36 1 1
github.com/khulnasoft-lab/hooker/v2/actions/kubernetes.go:110.59,118.33 4 1
github.com/khulnasoft-lab/hooker/v2/actions/kubernetes.go:118.33,119.43 1 1
github.com/khulnasoft-lab/hooker/v2/actions/kubernetes.go:119.43,120.71 1 1
github.com/khulnasoft-lab/hooker/v2/actions/kubernetes.go:120.71,122.19 2 1
github.com/khulnasoft-lab/hooker/v2/actions/kubernetes.go:122.19,124.6 1 0
github.com/khulnasoft-lab/hooker/v2/actions/kubernetes.go:126.5,129.19 4 1
github.com/khulnasoft-lab/hooker/v2/actions/kubernetes.go:129.19,132.6 2 0
github.com/khulnasoft-lab/hooker/v2/actions/kubernetes.go:132.11,134.6 1 1
github.com/khulnasoft-lab/hooker/v2/actions/kubernetes.go:135.5,135.15 1 1
github.com/khulnasoft-lab/hooker/v2/actions/kubernetes.go:137.4,137.23 1 1
github.com/khulnasoft-lab/hooker/v2/actions/kubernetes.go:137.23,139.5 1 0
github.com/khulnasoft-lab/hooker/v2/actions/kubernetes.go:142.3,142.48 1 1
github.com/khulnasoft-lab/hooker/v2/actions/kubernetes.go:142.48,143.71 1 1
github.com/khulnasoft-lab/hooker/v2/actions/kubernetes.go:143.71,145.19 2 1
github.com/khulnasoft-lab/hooker/v2/actions/kubernetes.go:145.19,147.6 1 0
github.com/khulnasoft-lab/hooker/v2/actions/kubernetes.go:149.5,152.19 4 1
github.com/khulnasoft-lab/hooker/v2/actions/kubernetes.go:152.19,155.6 2 0
github.com/khulnasoft-lab/hooker/v2/actions/kubernetes.go:155.11,157.6 1 1
github.com/khulnasoft-lab/hooker/v2/actions/kubernetes.go:158.5,158.15 1 1
github.com/khulnasoft-lab/hooker/v2/actions/kubernetes.go:160.4,160.23 1 1
github.com/khulnasoft-lab/hooker/v2/actions/kubernetes.go:160.23,162.5 1 0
github.com/khulnasoft-lab/hooker/v2/actions/kubernetes.go:165.2,165.12 1 1
github.com/khulnasoft-lab/hooker/v2/actions/kubernetes.go:168.45,171.2 2 0
github.com/khulnasoft-lab/hooker/v2/actions/kubernetes.go:173.69,175.2 1 0
github.com/khulnasoft-lab/hooker/v2/actions/message.go:14.84,16.38 2 1
github.com/khulnasoft-lab/hooker/v2/actions/message.go:16.38,19.30 3 1
github.com/khulnasoft-lab/hooker/v2/actions/message.go:19.30,21.18 2 1
github.com/khulnasoft-lab/hooker/v2/actions/message.go:21.18,23.5 1 0
github.com/khulnasoft-lab/hooker/v2/actions/message.go:24.4,24.64 1 1
github.com/khulnasoft-lab/hooker/v2/actions/message.go:26.8,26.29 1 1
github.com/khulnasoft-lab/hooker/v2/actions/message.go:26.29,29.3 2 1
github.com/khulnasoft-lab/hooker/v2/actions/message.go:29.8,31.3 1 1
github.com/khulnasoft-lab/hooker/v2/actions/message.go:32.2,32.25 1 1
github.com/khulnasoft-lab/hooker/v2/actions/nexusiq.go:21.46,23.2 1 1
github.com/khulnasoft-lab/hooker/v2/actions/nexusiq.go:33.46,35.2 1 1
github.com/khulnasoft-lab/hooker/v2/actions/nexusiq.go:37.42,40.2 2 1
github.com/khulnasoft-lab/hooker/v2/actions/nexusiq.go:41.43,43.2 1 1
github.com/khulnasoft-lab/hooker/v2/actions/nexusiq.go:45.139,51.19 4 1
github.com/khulnasoft-lab/hooker/v2/actions/nexusiq.go:51.19,53.3 1 1
github.com/khulnasoft-lab/hooker/v2/actions/nexusiq.go:55.2,56.16 2 1
github.com/khulnasoft-lab/hooker/v2/actions/nexusiq.go:56.16,58.3 1 0
github.com/khulnasoft-lab/hooker/v2/actions/nexusiq.go:59.2,59.35 1 1
github.com/khulnasoft-lab/hooker/v2/actions/nexusiq.go:59.35,62.3 1 1
github.com/khulnasoft-lab/hooker/v2/actions/nexusiq.go:63.2,66.16 3 1
github.com/khulnasoft-lab/hooker/v2/actions/nexusiq.go:66.16,68.3 1 0
github.com/khulnasoft-lab/hooker/v2/actions/nexusiq.go:70.2,73.16 3 1
github.com/khulnasoft-lab/hooker/v2/actions/nexusiq.go:73.16,75.3 1 0
github.com/khulnasoft-lab/hooker/v2/actions/nexusiq.go:77.2,77.52 1 1
github.com/khulnasoft-lab/hooker/v2/actions/nexusiq.go:77.52,80.3 2 0
github.com/khulnasoft-lab/hooker/v2/actions/nexusiq.go:82.2,86.16 3 1
github.com/khulnasoft-lab/hooker/v2/actions/nexusiq.go:86.16,88.3 1 0
github.com/khulnasoft-lab/hooker/v2/actions/nexusiq.go:90.2,90.15 1 1
github.com/khulnasoft-lab/hooker/v2/actions/nexusiq.go:94.103,98.16 4 1
github.com/khulnasoft-lab/hooker/v2/actions/nexusiq.go:98.16,100.3 1 0
github.com/khulnasoft-lab/hooker/v2/actions/nexusiq.go:101.2,102.36 2 1
github.com/khulnasoft-lab/hooker/v2/actions/nexusiq.go:102.36,104.51 2 1
github.com/khulnasoft-lab/hooker/v2/actions/nexusiq.go:104.51,106.4 1 1
github.com/khulnasoft-lab/hooker/v2/actions/nexusiq.go:108.2,108.16 1 1
github.com/khulnasoft-lab/hooker/v2/actions/nexusiq.go:110.94,119.16 4 1
github.com/khulnasoft-lab/hooker/v2/actions/nexusiq.go:119.16,121.3 1 0
github.com/khulnasoft-lab/hooker/v2/actions/nexusiq.go:123.2,127.16 3 1
github.com/khulnasoft-lab/hooker/v2/actions/nexusiq.go:127.16,129.3 1 0
github.com/khulnasoft-lab/hooker/v2/actions/nexusiq.go:131.2,131.30 1 1
github.com/khulnasoft-lab/hooker/v2/actions/nexusiq.go:134.76,136.16 2 1
github.com/khulnasoft-lab/hooker/v2/actions/nexusiq.go:136.16,138.3 1 0
github.com/khulnasoft-lab/hooker/v2/actions/nexusiq.go:139.2,139.15 1 1
github.com/khulnasoft-lab/hooker/v2/actions/nexusiq.go:139.15,141.17 2 1
github.com/khulnasoft-lab/hooker/v2/actions/nexusiq.go:141.17,143.4 1 0
github.com/khulnasoft-lab/hooker/v2/actions/nexusiq.go:145.2,145.17 1 1
github.com/khulnasoft-lab/hooker/v2/actions/nexusiq.go:147.73,152.16 3 1
github.com/khulnasoft-lab/hooker/v2/actions/nexusiq.go:152.16,154.3 1 0
github.com/khulnasoft-lab/hooker/v2/actions/nexusiq.go:155.2,155.12 1 1
github.com/khulnasoft-lab/hooker/v2/actions/nexusiq.go:158.67,161.16 2 1
github.com/khulnasoft-lab/hooker/v2/actions/nexusiq.go:161.16,163.3 1 0
github.com/khulnasoft-lab/hooker/v2/actions/nexusiq.go:165.2,168.16 3 1
github.com/khulnasoft-lab/hooker/v2/actions/nexusiq.go:168.16,170.3 1 0
github.com/khulnasoft-lab/hooker/v2/actions/nexusiq.go:172.2,172.12 1 1
github.com/khulnasoft-lab/hooker/v2/actions/nexusiq.go:175.47,178.2 2 0
github.com/khulnasoft-lab/hooker/v2/actions/nexusiq.go:180.71,183.2 1 0
github.com/khulnasoft-lab/hooker/v2/actions/opsgenie.go:34.45,36.2 1 0
github.com/khulnasoft-lab/hooker/v2/actions/opsgenie.go:38.47,42.16 2 1
github.com/khulnasoft-lab/hooker/v2/actions/opsgenie.go:42.16,44.3 1 0
github.com/khulnasoft-lab/hooker/v2/actions/opsgenie.go:46.2,46.30 1 1
github.com/khulnasoft-lab/hooker/v2/actions/opsgenie.go:46.30,48.3 1 0
github.com/khulnasoft-lab/hooker/v2/actions/opsgenie.go:48.8,50.3 1 1
github.com/khulnasoft-lab/hooker/v2/actions/opsgenie.go:52.2,53.12 2 1
github.com/khulnasoft-lab/hooker/v2/actions/opsgenie.go:56.58,57.21 1 1
github.com/khulnasoft-lab/hooker/v2/actions/opsgenie.go:57.21,59.3 1 1
github.com/khulnasoft-lab/hooker/v2/actions/opsgenie.go:60.2,61.29 2 1
github.com/khulnasoft-lab/hooker/v2/actions/opsgenie.go:61.29,64.3 2 1
github.com/khulnasoft-lab/hooker/v2/actions/opsgenie.go:65.2,65.19 1 1
github.com/khulnasoft-lab/hooker/v2/actions/opsgenie.go:68.124,70.35 2 1
github.com/khulnasoft-lab/hooker/v2/actions/opsgenie.go:70.35,72.3 1 1
github.com/khulnasoft-lab/hooker/v2/actions/opsgenie.go:74.2,75.29 2 1
github.com/khulnasoft-lab/hooker/v2/actions/opsgenie.go:75.29,77.3 1 1
github.com/khulnasoft-lab/hooker/v2/actions/opsgenie.go:79.2,80.30 2 1
github.com/khulnasoft-lab/hooker/v2/actions/opsgenie.go:80.30,82.3 1 1
github.com/khulnasoft-lab/hooker/v2/actions/opsgenie.go:84.2,85.32 2 1
github.com/khulnasoft-lab/hooker/v2/actions/opsgenie.go:85.32,87.3 1 1
github.com/khulnasoft-lab/hooker/v2/actions/opsgenie.go:88.2,89.28 2 1
github.com/khulnasoft-lab/hooker/v2/actions/opsgenie.go:89.28,90.33 1 1
github.com/khulnasoft-lab/hooker/v2/actions/opsgenie.go:91.17,92.54 1 1
github.com/khulnasoft-lab/hooker/v2/actions/opsgenie.go:93.15,94.72 1 1
github.com/khulnasoft-lab/hooker/v2/actions/opsgenie.go:98.2,107.3 1 1
github.com/khulnasoft-lab/hooker/v2/actions/opsgenie.go:110.64,112.76 2 0
github.com/khulnasoft-lab/hooker/v2/actions/opsgenie.go:112.76,114.3 1 0
github.com/khulnasoft-lab/hooker/v2/actions/opsgenie.go:115.2,119.16 4 0
github.com/khulnasoft-lab/hooker/v2/actions/opsgenie.go:119.16,121.3 1 0
github.com/khulnasoft-lab/hooker/v2/actions/opsgenie.go:123.2,124.12 2 0
github.com/khulnasoft-lab/hooker/v2/actions/opsgenie.go:127.42,130.2 2 0
github.com/khulnasoft-lab/hooker/v2/actions/opsgenie.go:132.70,135.2 1 0
github.com/khulnasoft-lab/hooker/v2/actions/pagerduty.go:20.38,22.2 1 0
github.com/khulnasoft-lab/hooker/v2/actions/pagerduty.go:33.44,35.2 1 0
github.com/khulnasoft-lab/hooker/v2/actions/pagerduty.go:37.40,38.27 1 1
github.com/khulnasoft-lab/hooker/v2/actions/pagerduty.go:38.27,40.3 1 1
github.com/khulnasoft-lab/hooker/v2/actions/pagerduty.go:41.2,41.28 1 1
github.com/khulnasoft-lab/hooker/v2/actions/pagerduty.go:41.28,43.3 1 1
github.com/khulnasoft-lab/hooker/v2/actions/pagerduty.go:45.2,47.12 3 1
github.com/khulnasoft-lab/hooker/v2/actions/pagerduty.go:50.59,63.16 3 1
github.com/khulnasoft-lab/hooker/v2/actions/pagerduty.go:63.16,65.3 1 1
github.com/khulnasoft-lab/hooker/v2/actions/pagerduty.go:67.2,68.12 2 1
github.com/khulnasoft-lab/hooker/v2/actions/pagerduty.go:71.45,73.2 1 0
github.com/khulnasoft-lab/hooker/v2/actions/pagerduty.go:75.69,78.2 1 0
github.com/khulnasoft-lab/hooker/v2/actions/plugin.go:23.104,25.31 2 1
github.com/khulnasoft-lab/hooker/v2/actions/plugin.go:25.31,26.33 1 1
github.com/khulnasoft-lab/hooker/v2/actions/plugin.go:26.33,28.18 2 0
github.com/khulnasoft-lab/hooker/v2/actions/plugin.go:28.18,30.13 2 0
github.com/khulnasoft-lab/hooker/v2/actions/plugin.go:32.4,32.38 1 0
github.com/khulnasoft-lab/hooker/v2/actions/plugin.go:33.9,35.4 1 1
github.com/khulnasoft-lab/hooker/v2/actions/plugin.go:37.2,37.15 1 1
github.com/khulnasoft-lab/hooker/v2/actions/plugin.go:40.70,42.9 2 0
github.com/khulnasoft-lab/hooker/v2/actions/plugin.go:42.9,45.3 1 0
github.com/khulnasoft-lab/hooker/v2/actions/plugin.go:46.2,46.42 1 0
github.com/khulnasoft-lab/hooker/v2/actions/servicenow.go:23.46,25.2 1 0
github.com/khulnasoft-lab/hooker/v2/actions/servicenow.go:27.42,32.2 4 0
github.com/khulnasoft-lab/hooker/v2/actions/servicenow.go:34.67,38.69 3 0
github.com/khulnasoft-lab/hooker/v2/actions/servicenow.go:38.69,40.3 1 0
github.com/khulnasoft-lab/hooker/v2/actions/servicenow.go:43.2,44.61 2 0
github.com/khulnasoft-lab/hooker/v2/actions/servicenow.go:44.61,46.3 1 0
github.com/khulnasoft-lab/hooker/v2/actions/servicenow.go:48.2,62.16 3 0
github.com/khulnasoft-lab/hooker/v2/actions/servicenow.go:62.16,65.3 2 0
github.com/khulnasoft-lab/hooker/v2/actions/servicenow.go:66.2,67.16 2 0
github.com/khulnasoft-lab/hooker/v2/actions/servicenow.go:67.16,70.3 2 0
github.com/khulnasoft-lab/hooker/v2/actions/servicenow.go:71.2,72.12 2 0
github.com/khulnasoft-lab/hooker/v2/actions/servicenow.go:75.47,78.2 2 0
github.com/khulnasoft-lab/hooker/v2/actions/servicenow.go:80.71,82.2 1 0
github.com/khulnasoft-lab/hooker/v2/actions/slack.go:28.44,30.2 1 0
github.com/khulnasoft-lab/hooker/v2/actions/slack.go:32.40,36.2 3 0
github.com/khulnasoft-lab/hooker/v2/actions/slack.go:38.41,43.2 4 0
github.com/khulnasoft-lab/hooker/v2/actions/slack.go:45.56,55.2 9 0
github.com/khulnasoft-lab/hooker/v2/actions/slack.go:57.63,61.50 4 0
github.com/khulnasoft-lab/hooker/v2/actions/slack.go:61.50,63.3 1 0
github.com/khulnasoft-lab/hooker/v2/actions/slack.go:63.8,65.3 1 0
github.com/khulnasoft-lab/hooker/v2/actions/slack.go:66.2,67.35 2 0
github.com/khulnasoft-lab/hooker/v2/actions/slack.go:67.35,69.3 1 0
github.com/khulnasoft-lab/hooker/v2/actions/slack.go:71.2,71.31 1 0
github.com/khulnasoft-lab/hooker/v2/actions/slack.go:71.31,73.3 1 0
github.com/khulnasoft-lab/hooker/v2/actions/slack.go:75.2,77.16 3 0
github.com/khulnasoft-lab/hooker/v2/actions/slack.go:77.16,80.3 2 0
github.com/khulnasoft-lab/hooker/v2/actions/slack.go:82.2,84.31 2 0
github.com/khulnasoft-lab/hooker/v2/actions/slack.go:84.31,86.96 2 0
github.com/khulnasoft-lab/hooker/v2/actions/slack.go:86.96,88.4 1 0
github.com/khulnasoft-lab/hooker/v2/actions/slack.go:89.3,89.65 1 0
github.com/khulnasoft-lab/hooker/v2/actions/slack.go:90.8,91.27 1 0
github.com/khulnasoft-lab/hooker/v2/actions/slack.go:91.27,93.15 2 0
github.com/khulnasoft-lab/hooker/v2/actions/slack.go:93.15,95.5 1 0
github.com/khulnasoft-lab/hooker/v2/actions/slack.go:96.4,98.89 3 0
github.com/khulnasoft-lab/hooker/v2/actions/slack.go:98.89,101.5 2 0
github.com/khulnasoft-lab/hooker/v2/actions/slack.go:101.10,105.5 1 0
github.com/khulnasoft-lab/hooker/v2/actions/slack.go:106.4,106.10 1 0
github.com/khulnasoft-lab/hooker/v2/actions/slack.go:109.2,109.12 1 0
github.com/khulnasoft-lab/hooker/v2/actions/slack.go:112.45,115.2 2 0
github.com/khulnasoft-lab/hooker/v2/actions/slack.go:117.69,119.2 1 0
github.com/khulnasoft-lab/hooker/v2/actions/splunk.go:32.46,34.2 1 0
github.com/khulnasoft-lab/hooker/v2/actions/splunk.go:36.42,40.2 3 0
github.com/khulnasoft-lab/hooker/v2/actions/splunk.go:42.61,45.28 2 0
github.com/khulnasoft-lab/hooker/v2/actions/splunk.go:45.28,47.3 1 0
github.com/khulnasoft-lab/hooker/v2/actions/splunk.go:48.2,48.42 1 0
github.com/khulnasoft-lab/hooker/v2/actions/splunk.go:48.42,51.3 1 0
github.com/khulnasoft-lab/hooker/v2/actions/splunk.go:53.2,53.41 1 0
github.com/khulnasoft-lab/hooker/v2/actions/splunk.go:53.41,55.3 1 0
github.com/khulnasoft-lab/hooker/v2/actions/splunk.go:57.2,59.31 3 0
github.com/khulnasoft-lab/hooker/v2/actions/splunk.go:59.31,61.3 1 0
github.com/khulnasoft-lab/hooker/v2/actions/splunk.go:63.2,64.16 2 0
github.com/khulnasoft-lab/hooker/v2/actions/splunk.go:64.16,67.3 2 0
github.com/khulnasoft-lab/hooker/v2/actions/splunk.go:69.2,74.6 4 0
github.com/khulnasoft-lab/hooker/v2/actions/splunk.go:74.6,76.17 2 0
github.com/khulnasoft-lab/hooker/v2/actions/splunk.go:76.17,79.4 2 0
github.com/khulnasoft-lab/hooker/v2/actions/splunk.go:80.3,80.49 1 0
github.com/khulnasoft-lab/hooker/v2/actions/splunk.go:80.49,81.9 1 0
github.com/khulnasoft-lab/hooker/v2/actions/splunk.go:83.3,83.10 1 0
github.com/khulnasoft-lab/hooker/v2/actions/splunk.go:84.36,86.12 2 0
github.com/khulnasoft-lab/hooker/v2/actions/splunk.go:87.35,89.12 2 0
github.com/khulnasoft-lab/hooker/v2/actions/splunk.go:90.40,92.12 2 0
github.com/khulnasoft-lab/hooker/v2/actions/splunk.go:93.11,97.26 3 0
github.com/khulnasoft-lab/hooker/v2/actions/splunk.go:101.2,107.16 6 0
github.com/khulnasoft-lab/hooker/v2/actions/splunk.go:107.16,109.3 1 0
github.com/khulnasoft-lab/hooker/v2/actions/splunk.go:111.2,131.16 4 0
github.com/khulnasoft-lab/hooker/v2/actions/splunk.go:131.16,133.3 1 0
github.com/khulnasoft-lab/hooker/v2/actions/splunk.go:134.2,134.38 1 0
github.com/khulnasoft-lab/hooker/v2/actions/splunk.go:134.38,139.3 4 0
github.com/khulnasoft-lab/hooker/v2/actions/splunk.go:140.2,141.12 2 0
github.com/khulnasoft-lab/hooker/v2/actions/splunk.go:144.47,147.2 2 0
github.com/khulnasoft-lab/hooker/v2/actions/splunk.go:149.71,151.2 1 0
github.com/khulnasoft-lab/hooker/v2/actions/stdout.go:15.45,15.67 1 0
github.com/khulnasoft-lab/hooker/v2/actions/stdout.go:16.41,18.2 1 0
github.com/khulnasoft-lab/hooker/v2/actions/stdout.go:19.63,22.2 2 0
github.com/khulnasoft-lab/hooker/v2/actions/stdout.go:23.46,25.2 1 0
github.com/khulnasoft-lab/hooker/v2/actions/stdout.go:26.70,28.2 1 0
github.com/khulnasoft-lab/hooker/v2/actions/teams.go:25.44,27.2 1 0
github.com/khulnasoft-lab/hooker/v2/actions/teams.go:29.40,33.2 3 0
github.com/khulnasoft-lab/hooker/v2/actions/teams.go:35.63,44.48 7 0
github.com/khulnasoft-lab/hooker/v2/actions/teams.go:44.48,47.3 2 0
github.com/khulnasoft-lab/hooker/v2/actions/teams.go:47.8,50.3 2 0
github.com/khulnasoft-lab/hooker/v2/actions/teams.go:51.2,54.16 3 0
github.com/khulnasoft-lab/hooker/v2/actions/teams.go:54.16,57.3 2 0
github.com/khulnasoft-lab/hooker/v2/actions/teams.go:59.2,61.16 2 0
github.com/khulnasoft-lab/hooker/v2/actions/teams.go:61.16,64.3 2 0
github.com/khulnasoft-lab/hooker/v2/actions/teams.go:66.2,67.12 2 0
github.com/khulnasoft-lab/hooker/v2/actions/teams.go:70.45,73.2 2 0
github.com/khulnasoft-lab/hooker/v2/actions/teams.go:75.69,77.2 1 0
github.com/khulnasoft-lab/hooker/v2/actions/teams.go:79.43,81.16 2 0
github.com/khulnasoft-lab/hooker/v2/actions/teams.go:81.16,82.13 1 0
github.com/khulnasoft-lab/hooker/v2/actions/teams.go:85.2,85.37 1 0
github.com/khulnasoft-lab/hooker/v2/actions/webhook.go:21.48,23.2 1 1
github.com/khulnasoft-lab/hooker/v2/actions/webhook.go:25.44,29.2 2 1
github.com/khulnasoft-lab/hooker/v2/actions/webhook.go:31.69,35.16 4 1
github.com/khulnasoft-lab/hooker/v2/actions/webhook.go:35.16,37.3 1 0
github.com/khulnasoft-lab/hooker/v2/actions/webhook.go:38.2,39.16 2 1
github.com/khulnasoft-lab/hooker/v2/actions/webhook.go:39.16,42.3 2 1
github.com/khulnasoft-lab/hooker/v2/actions/webhook.go:43.2,45.16 3 1
github.com/khulnasoft-lab/hooker/v2/actions/webhook.go:45.16,48.3 2 0
github.com/khulnasoft-lab/hooker/v2/actions/webhook.go:50.2,50.38 1 1
github.com/khulnasoft-lab/hooker/v2/actions/webhook.go:50.38,54.3 3 1
github.com/khulnasoft-lab/hooker/v2/actions/webhook.go:55.2,56.12 2 1
github.com/khulnasoft-lab/hooker/v2/actions/webhook.go:59.49,62.2 2 0
github.com/khulnasoft-lab/hooker/v2/actions/webhook.go:64.73,68.2 1 0
github.com/khulnasoft-lab/hooker/v2/actions/webhook.go:70.59,71.41 1 1
github.com/khulnasoft-lab/hooker/v2/actions/webhook.go:71.41,73.3 1 1
github.com/khulnasoft-lab/hooker/v2/actions/webhook.go:74.2,75.16 2 1
github.com/khulnasoft-lab/hooker/v2/actions/webhook.go:75.16,77.3 1 1
github.com/khulnasoft-lab/hooker/v2/actions/webhook.go:78.2,78.44 1 1
